{"C:\\Users\\leebe\\College\\ThirdyearSemA\\internet applications course\\web_App-assigments-Assigment2\\app_B\\src\\server.ts": {"path":"C:\\Users\\leebe\\College\\ThirdyearSemA\\internet applications course\\web_App-assigments-Assigment2\\app_B\\src\\server.ts","statementMap":{"0":{"start":{"line":4,"column":0},"end":{"line":4,"column":43}},"1":{"start":{"line":5,"column":12},"end":{"line":5,"column":21}},"2":{"start":{"line":6,"column":0},"end":{"line":6,"column":28}},"3":{"start":{"line":7,"column":0},"end":{"line":7,"column":16}},"4":{"start":{"line":8,"column":0},"end":{"line":8,"column":32}},"5":{"start":{"line":9,"column":0},"end":{"line":9,"column":48}},"6":{"start":{"line":10,"column":0},"end":{"line":10,"column":37}},"7":{"start":{"line":11,"column":0},"end":{"line":11,"column":54}},"8":{"start":{"line":12,"column":0},"end":{"line":12,"column":46}},"9":{"start":{"line":13,"column":0},"end":{"line":13,"column":41}},"10":{"start":{"line":14,"column":0},"end":{"line":14,"column":43}},"11":{"start":{"line":15,"column":0},"end":{"line":15,"column":41}},"12":{"start":{"line":17,"column":16},"end":{"line":28,"column":2}},"13":{"start":{"line":29,"column":14},"end":{"line":29,"column":35}},"14":{"start":{"line":30,"column":0},"end":{"line":30,"column":62}},"15":{"start":{"line":33,"column":4},"end":{"line":55,"column":7}},"16":{"start":{"line":34,"column":19},"end":{"line":34,"column":38}},"17":{"start":{"line":35,"column":8},"end":{"line":35,"column":56}},"18":{"start":{"line":35,"column":34},"end":{"line":35,"column":54}},"19":{"start":{"line":36,"column":8},"end":{"line":36,"column":67}},"20":{"start":{"line":36,"column":30},"end":{"line":36,"column":65}},"21":{"start":{"line":39,"column":8},"end":{"line":54,"column":9}},"22":{"start":{"line":40,"column":12},"end":{"line":40,"column":51}},"23":{"start":{"line":41,"column":12},"end":{"line":41,"column":21}},"24":{"start":{"line":43,"column":12},"end":{"line":53,"column":15}},"25":{"start":{"line":45,"column":16},"end":{"line":45,"column":43}},"26":{"start":{"line":46,"column":16},"end":{"line":46,"column":67}},"27":{"start":{"line":47,"column":16},"end":{"line":47,"column":40}},"28":{"start":{"line":48,"column":16},"end":{"line":48,"column":47}},"29":{"start":{"line":49,"column":16},"end":{"line":49,"column":53}},"30":{"start":{"line":50,"column":16},"end":{"line":50,"column":45}},"31":{"start":{"line":52,"column":16},"end":{"line":52,"column":29}},"32":{"start":{"line":60,"column":0},"end":{"line":60,"column":23}}},"fnMap":{"0":{"name":"initApp","decl":{"start":{"line":32,"column":9},"end":{"line":32,"column":16}},"loc":{"start":{"line":32,"column":16},"end":{"line":57,"column":1}}},"1":{"name":"(anonymous_2)","decl":{"start":{"line":33,"column":32},"end":{"line":33,"column":33}},"loc":{"start":{"line":33,"column":52},"end":{"line":55,"column":5}}},"2":{"name":"(anonymous_3)","decl":{"start":{"line":35,"column":23},"end":{"line":35,"column":24}},"loc":{"start":{"line":35,"column":34},"end":{"line":35,"column":54}}},"3":{"name":"(anonymous_4)","decl":{"start":{"line":36,"column":24},"end":{"line":36,"column":27}},"loc":{"start":{"line":36,"column":30},"end":{"line":36,"column":65}}},"4":{"name":"(anonymous_5)","decl":{"start":{"line":43,"column":58},"end":{"line":43,"column":61}},"loc":{"start":{"line":43,"column":63},"end":{"line":53,"column":13}}}},"branchMap":{"0":{"loc":{"start":{"line":39,"column":8},"end":{"line":54,"column":9}},"type":"if","locations":[{"start":{"line":39,"column":8},"end":{"line":54,"column":9}},{"start":{"line":42,"column":15},"end":{"line":54,"column":9}}]}},"s":{"0":3,"1":3,"2":3,"3":3,"4":3,"5":3,"6":3,"7":3,"8":3,"9":3,"10":3,"11":3,"12":3,"13":3,"14":3,"15":3,"16":3,"17":3,"18":0,"19":3,"20":3,"21":3,"22":0,"23":0,"24":3,"25":3,"26":3,"27":3,"28":3,"29":3,"30":3,"31":3,"32":3},"f":{"0":3,"1":3,"2":0,"3":3,"4":3},"b":{"0":[0,3]}}
,"C:\\Users\\leebe\\College\\ThirdyearSemA\\internet applications course\\web_App-assigments-Assigment2\\app_B\\src\\controllers\\auth_controller.ts": {"path":"C:\\Users\\leebe\\College\\ThirdyearSemA\\internet applications course\\web_App-assigments-Assigment2\\app_B\\src\\controllers\\auth_controller.ts","statementMap":{"0":{"start":{"line":5,"column":0},"end":{"line":5,"column":56}},"1":{"start":{"line":6,"column":0},"end":{"line":6,"column":28}},"2":{"start":{"line":7,"column":0},"end":{"line":7,"column":31}},"3":{"start":{"line":16,"column":23},"end":{"line":35,"column":1}},"4":{"start":{"line":17,"column":4},"end":{"line":19,"column":5}},"5":{"start":{"line":18,"column":8},"end":{"line":18,"column":20}},"6":{"start":{"line":21,"column":19},"end":{"line":21,"column":54}},"7":{"start":{"line":22,"column":24},"end":{"line":25,"column":null}},"8":{"start":{"line":28,"column":25},"end":{"line":31,"column":null}},"9":{"start":{"line":34,"column":4},"end":{"line":34,"column":41}},"10":{"start":{"line":37,"column":33},"end":{"line":61,"column":2}},"11":{"start":{"line":37,"column":52},"end":{"line":61,"column":2}},"12":{"start":{"line":38,"column":32},"end":{"line":38,"column":40}},"13":{"start":{"line":39,"column":4},"end":{"line":42,"column":5}},"14":{"start":{"line":40,"column":8},"end":{"line":40,"column":58}},"15":{"start":{"line":41,"column":8},"end":{"line":41,"column":15}},"16":{"start":{"line":43,"column":4},"end":{"line":60,"column":5}},"17":{"start":{"line":44,"column":29},"end":{"line":44,"column":63}},"18":{"start":{"line":45,"column":8},"end":{"line":48,"column":9}},"19":{"start":{"line":46,"column":12},"end":{"line":46,"column":57}},"20":{"start":{"line":47,"column":12},"end":{"line":47,"column":19}},"21":{"start":{"line":50,"column":21},"end":{"line":50,"column":45}},"22":{"start":{"line":51,"column":31},"end":{"line":51,"column":64}},"23":{"start":{"line":52,"column":21},"end":{"line":56,"column":10}},"24":{"start":{"line":57,"column":8},"end":{"line":57,"column":67}},"25":{"start":{"line":59,"column":8},"end":{"line":59,"column":34}},"26":{"start":{"line":63,"column":30},"end":{"line":101,"column":2}},"27":{"start":{"line":63,"column":49},"end":{"line":101,"column":2}},"28":{"start":{"line":64,"column":32},"end":{"line":64,"column":40}},"29":{"start":{"line":65,"column":4},"end":{"line":68,"column":5}},"30":{"start":{"line":66,"column":8},"end":{"line":66,"column":58}},"31":{"start":{"line":67,"column":8},"end":{"line":67,"column":15}},"32":{"start":{"line":69,"column":4},"end":{"line":100,"column":5}},"33":{"start":{"line":70,"column":21},"end":{"line":70,"column":55}},"34":{"start":{"line":71,"column":8},"end":{"line":74,"column":9}},"35":{"start":{"line":72,"column":12},"end":{"line":72,"column":62}},"36":{"start":{"line":73,"column":12},"end":{"line":73,"column":19}},"37":{"start":{"line":76,"column":30},"end":{"line":76,"column":75}},"38":{"start":{"line":77,"column":8},"end":{"line":80,"column":9}},"39":{"start":{"line":78,"column":12},"end":{"line":78,"column":62}},"40":{"start":{"line":79,"column":12},"end":{"line":79,"column":19}},"41":{"start":{"line":82,"column":23},"end":{"line":82,"column":58}},"42":{"start":{"line":83,"column":8},"end":{"line":86,"column":9}},"43":{"start":{"line":84,"column":12},"end":{"line":84,"column":62}},"44":{"start":{"line":85,"column":12},"end":{"line":85,"column":19}},"45":{"start":{"line":89,"column":8},"end":{"line":89,"column":51}},"46":{"start":{"line":90,"column":8},"end":{"line":90,"column":26}},"47":{"start":{"line":92,"column":8},"end":{"line":97,"column":11}},"48":{"start":{"line":99,"column":8},"end":{"line":99,"column":54}},"49":{"start":{"line":103,"column":31},"end":{"line":137,"column":2}},"50":{"start":{"line":103,"column":50},"end":{"line":137,"column":2}},"51":{"start":{"line":104,"column":23},"end":{"line":104,"column":51}},"52":{"start":{"line":105,"column":4},"end":{"line":108,"column":5}},"53":{"start":{"line":106,"column":8},"end":{"line":106,"column":46}},"54":{"start":{"line":107,"column":8},"end":{"line":107,"column":15}},"55":{"start":{"line":110,"column":18},"end":{"line":110,"column":42}},"56":{"start":{"line":111,"column":4},"end":{"line":114,"column":5}},"57":{"start":{"line":112,"column":8},"end":{"line":112,"column":59}},"58":{"start":{"line":113,"column":8},"end":{"line":113,"column":15}},"59":{"start":{"line":116,"column":4},"end":{"line":136,"column":5}},"60":{"start":{"line":117,"column":24},"end":{"line":117,"column":83}},"61":{"start":{"line":118,"column":21},"end":{"line":118,"column":58}},"62":{"start":{"line":120,"column":8},"end":{"line":123,"column":9}},"63":{"start":{"line":121,"column":12},"end":{"line":121,"column":51}},"64":{"start":{"line":122,"column":12},"end":{"line":122,"column":19}},"65":{"start":{"line":126,"column":8},"end":{"line":126,"column":32}},"66":{"start":{"line":127,"column":8},"end":{"line":127,"column":26}},"67":{"start":{"line":129,"column":8},"end":{"line":129,"column":56}},"68":{"start":{"line":131,"column":8},"end":{"line":135,"column":9}},"69":{"start":{"line":132,"column":12},"end":{"line":132,"column":50}},"70":{"start":{"line":134,"column":12},"end":{"line":134,"column":50}},"71":{"start":{"line":139,"column":32},"end":{"line":198,"column":2}},"72":{"start":{"line":139,"column":51},"end":{"line":198,"column":2}},"73":{"start":{"line":140,"column":23},"end":{"line":140,"column":51}},"74":{"start":{"line":141,"column":4},"end":{"line":144,"column":5}},"75":{"start":{"line":142,"column":8},"end":{"line":142,"column":46}},"76":{"start":{"line":143,"column":8},"end":{"line":143,"column":15}},"77":{"start":{"line":146,"column":18},"end":{"line":146,"column":42}},"78":{"start":{"line":147,"column":4},"end":{"line":150,"column":5}},"79":{"start":{"line":148,"column":8},"end":{"line":148,"column":59}},"80":{"start":{"line":149,"column":8},"end":{"line":149,"column":15}},"81":{"start":{"line":152,"column":4},"end":{"line":197,"column":5}},"82":{"start":{"line":153,"column":24},"end":{"line":153,"column":83}},"83":{"start":{"line":154,"column":21},"end":{"line":154,"column":58}},"84":{"start":{"line":156,"column":8},"end":{"line":159,"column":9}},"85":{"start":{"line":157,"column":12},"end":{"line":157,"column":51}},"86":{"start":{"line":158,"column":12},"end":{"line":158,"column":19}},"87":{"start":{"line":162,"column":8},"end":{"line":173,"column":9}},"88":{"start":{"line":165,"column":12},"end":{"line":165,"column":36}},"89":{"start":{"line":166,"column":12},"end":{"line":166,"column":30}},"90":{"start":{"line":168,"column":12},"end":{"line":171,"column":15}},"91":{"start":{"line":172,"column":12},"end":{"line":172,"column":19}},"92":{"start":{"line":176,"column":26},"end":{"line":176,"column":61}},"93":{"start":{"line":177,"column":8},"end":{"line":180,"column":9}},"94":{"start":{"line":178,"column":12},"end":{"line":178,"column":62}},"95":{"start":{"line":179,"column":12},"end":{"line":179,"column":19}},"96":{"start":{"line":183,"column":8},"end":{"line":183,"column":73}},"97":{"start":{"line":183,"column":60},"end":{"line":183,"column":71}},"98":{"start":{"line":184,"column":8},"end":{"line":184,"column":56}},"99":{"start":{"line":185,"column":8},"end":{"line":185,"column":26}},"100":{"start":{"line":187,"column":8},"end":{"line":190,"column":11}},"101":{"start":{"line":192,"column":8},"end":{"line":196,"column":9}},"102":{"start":{"line":193,"column":12},"end":{"line":193,"column":58}},"103":{"start":{"line":195,"column":12},"end":{"line":195,"column":58}},"104":{"start":{"line":200,"column":46},"end":{"line":265,"column":2}},"105":{"start":{"line":200,"column":71},"end":{"line":265,"column":2}},"106":{"start":{"line":201,"column":23},"end":{"line":201,"column":51}},"107":{"start":{"line":202,"column":4},"end":{"line":205,"column":5}},"108":{"start":{"line":203,"column":8},"end":{"line":203,"column":46}},"109":{"start":{"line":204,"column":8},"end":{"line":204,"column":15}},"110":{"start":{"line":207,"column":18},"end":{"line":207,"column":42}},"111":{"start":{"line":208,"column":4},"end":{"line":211,"column":5}},"112":{"start":{"line":209,"column":8},"end":{"line":209,"column":59}},"113":{"start":{"line":210,"column":8},"end":{"line":210,"column":15}},"114":{"start":{"line":213,"column":4},"end":{"line":264,"column":5}},"115":{"start":{"line":214,"column":24},"end":{"line":214,"column":83}},"116":{"start":{"line":215,"column":21},"end":{"line":215,"column":58}},"117":{"start":{"line":217,"column":8},"end":{"line":220,"column":9}},"118":{"start":{"line":218,"column":12},"end":{"line":218,"column":51}},"119":{"start":{"line":219,"column":12},"end":{"line":219,"column":19}},"120":{"start":{"line":223,"column":8},"end":{"line":229,"column":9}},"121":{"start":{"line":224,"column":12},"end":{"line":227,"column":15}},"122":{"start":{"line":228,"column":12},"end":{"line":228,"column":19}},"123":{"start":{"line":232,"column":32},"end":{"line":239,"column":10}},"124":{"start":{"line":233,"column":12},"end":{"line":238,"column":13}},"125":{"start":{"line":234,"column":39},"end":{"line":234,"column":106}},"126":{"start":{"line":235,"column":16},"end":{"line":235,"column":64}},"127":{"start":{"line":237,"column":16},"end":{"line":237,"column":29}},"128":{"start":{"line":241,"column":8},"end":{"line":247,"column":9}},"129":{"start":{"line":242,"column":12},"end":{"line":245,"column":15}},"130":{"start":{"line":246,"column":12},"end":{"line":246,"column":19}},"131":{"start":{"line":250,"column":8},"end":{"line":250,"column":39}},"132":{"start":{"line":251,"column":8},"end":{"line":251,"column":15}},"133":{"start":{"line":253,"column":8},"end":{"line":263,"column":9}},"134":{"start":{"line":254,"column":12},"end":{"line":257,"column":15}},"135":{"start":{"line":259,"column":12},"end":{"line":262,"column":15}},"136":{"start":{"line":200,"column":13},"end":{"line":200,"column":46}},"137":{"start":{"line":267,"column":0},"end":{"line":267,"column":52}}},"fnMap":{"0":{"name":"(anonymous_8)","decl":{"start":{"line":16,"column":23},"end":{"line":16,"column":24}},"loc":{"start":{"line":16,"column":93},"end":{"line":35,"column":1}}},"1":{"name":"(anonymous_9)","decl":{"start":{"line":37,"column":33},"end":{"line":37,"column":40}},"loc":{"start":{"line":37,"column":52},"end":{"line":61,"column":2}}},"2":{"name":"(anonymous_10)","decl":{"start":{"line":37,"column":52},"end":{"line":37,"column":null}},"loc":{"start":{"line":37,"column":52},"end":{"line":61,"column":1}}},"3":{"name":"(anonymous_11)","decl":{"start":{"line":63,"column":30},"end":{"line":63,"column":37}},"loc":{"start":{"line":63,"column":49},"end":{"line":101,"column":2}}},"4":{"name":"(anonymous_12)","decl":{"start":{"line":63,"column":49},"end":{"line":63,"column":null}},"loc":{"start":{"line":63,"column":49},"end":{"line":101,"column":1}}},"5":{"name":"(anonymous_13)","decl":{"start":{"line":103,"column":31},"end":{"line":103,"column":38}},"loc":{"start":{"line":103,"column":50},"end":{"line":137,"column":2}}},"6":{"name":"(anonymous_14)","decl":{"start":{"line":103,"column":50},"end":{"line":103,"column":null}},"loc":{"start":{"line":103,"column":50},"end":{"line":137,"column":1}}},"7":{"name":"(anonymous_15)","decl":{"start":{"line":139,"column":32},"end":{"line":139,"column":39}},"loc":{"start":{"line":139,"column":51},"end":{"line":198,"column":2}}},"8":{"name":"(anonymous_16)","decl":{"start":{"line":139,"column":51},"end":{"line":139,"column":null}},"loc":{"start":{"line":139,"column":51},"end":{"line":198,"column":1}}},"9":{"name":"(anonymous_17)","decl":{"start":{"line":183,"column":55},"end":{"line":183,"column":56}},"loc":{"start":{"line":183,"column":60},"end":{"line":183,"column":71}}},"10":{"name":"(anonymous_18)","decl":{"start":{"line":200,"column":46},"end":{"line":200,"column":53}},"loc":{"start":{"line":200,"column":71},"end":{"line":265,"column":2}}},"11":{"name":"(anonymous_19)","decl":{"start":{"line":200,"column":71},"end":{"line":200,"column":null}},"loc":{"start":{"line":200,"column":71},"end":{"line":265,"column":1}}},"12":{"name":"(anonymous_20)","decl":{"start":{"line":232,"column":56},"end":{"line":232,"column":68}},"loc":{"start":{"line":232,"column":71},"end":{"line":239,"column":9}}}},"branchMap":{"0":{"loc":{"start":{"line":17,"column":4},"end":{"line":19,"column":5}},"type":"if","locations":[{"start":{"line":17,"column":4},"end":{"line":19,"column":5}}]},"1":{"loc":{"start":{"line":25,"column":21},"end":{"line":25,"column":57}},"type":"binary-expr","locations":[{"start":{"line":25,"column":21},"end":{"line":25,"column":49}},{"start":{"line":25,"column":53},"end":{"line":25,"column":57}}]},"2":{"loc":{"start":{"line":31,"column":21},"end":{"line":31,"column":65}},"type":"binary-expr","locations":[{"start":{"line":31,"column":21},"end":{"line":31,"column":57}},{"start":{"line":31,"column":61},"end":{"line":31,"column":65}}]},"3":{"loc":{"start":{"line":39,"column":4},"end":{"line":42,"column":5}},"type":"if","locations":[{"start":{"line":39,"column":4},"end":{"line":42,"column":5}}]},"4":{"loc":{"start":{"line":39,"column":8},"end":{"line":39,"column":27}},"type":"binary-expr","locations":[{"start":{"line":39,"column":8},"end":{"line":39,"column":14}},{"start":{"line":39,"column":18},"end":{"line":39,"column":27}}]},"5":{"loc":{"start":{"line":45,"column":8},"end":{"line":48,"column":9}},"type":"if","locations":[{"start":{"line":45,"column":8},"end":{"line":48,"column":9}}]},"6":{"loc":{"start":{"line":65,"column":4},"end":{"line":68,"column":5}},"type":"if","locations":[{"start":{"line":65,"column":4},"end":{"line":68,"column":5}}]},"7":{"loc":{"start":{"line":65,"column":8},"end":{"line":65,"column":27}},"type":"binary-expr","locations":[{"start":{"line":65,"column":8},"end":{"line":65,"column":14}},{"start":{"line":65,"column":18},"end":{"line":65,"column":27}}]},"8":{"loc":{"start":{"line":71,"column":8},"end":{"line":74,"column":9}},"type":"if","locations":[{"start":{"line":71,"column":8},"end":{"line":74,"column":9}}]},"9":{"loc":{"start":{"line":77,"column":8},"end":{"line":80,"column":9}},"type":"if","locations":[{"start":{"line":77,"column":8},"end":{"line":80,"column":9}}]},"10":{"loc":{"start":{"line":83,"column":8},"end":{"line":86,"column":9}},"type":"if","locations":[{"start":{"line":83,"column":8},"end":{"line":86,"column":9}}]},"11":{"loc":{"start":{"line":105,"column":4},"end":{"line":108,"column":5}},"type":"if","locations":[{"start":{"line":105,"column":4},"end":{"line":108,"column":5}}]},"12":{"loc":{"start":{"line":105,"column":9},"end":{"line":105,"column":42}},"type":"cond-expr","locations":[{"start":{"line":105,"column":19},"end":{"line":105,"column":21}},{"start":{"line":105,"column":9},"end":{"line":105,"column":42}}]},"13":{"loc":{"start":{"line":105,"column":9},"end":{"line":105,"column":21}},"type":"binary-expr","locations":[{"start":{"line":105,"column":9},"end":{"line":105,"column":21}},{"start":{"line":105,"column":9},"end":{"line":105,"column":21}}]},"14":{"loc":{"start":{"line":111,"column":4},"end":{"line":114,"column":5}},"type":"if","locations":[{"start":{"line":111,"column":4},"end":{"line":114,"column":5}}]},"15":{"loc":{"start":{"line":120,"column":8},"end":{"line":123,"column":9}},"type":"if","locations":[{"start":{"line":120,"column":8},"end":{"line":123,"column":9}}]},"16":{"loc":{"start":{"line":131,"column":8},"end":{"line":135,"column":9}},"type":"if","locations":[{"start":{"line":131,"column":8},"end":{"line":135,"column":9}},{"start":{"line":133,"column":15},"end":{"line":135,"column":9}}]},"17":{"loc":{"start":{"line":141,"column":4},"end":{"line":144,"column":5}},"type":"if","locations":[{"start":{"line":141,"column":4},"end":{"line":144,"column":5}}]},"18":{"loc":{"start":{"line":141,"column":9},"end":{"line":141,"column":42}},"type":"cond-expr","locations":[{"start":{"line":141,"column":19},"end":{"line":141,"column":21}},{"start":{"line":141,"column":9},"end":{"line":141,"column":42}}]},"19":{"loc":{"start":{"line":141,"column":9},"end":{"line":141,"column":21}},"type":"binary-expr","locations":[{"start":{"line":141,"column":9},"end":{"line":141,"column":21}},{"start":{"line":141,"column":9},"end":{"line":141,"column":21}}]},"20":{"loc":{"start":{"line":147,"column":4},"end":{"line":150,"column":5}},"type":"if","locations":[{"start":{"line":147,"column":4},"end":{"line":150,"column":5}}]},"21":{"loc":{"start":{"line":156,"column":8},"end":{"line":159,"column":9}},"type":"if","locations":[{"start":{"line":156,"column":8},"end":{"line":159,"column":9}}]},"22":{"loc":{"start":{"line":162,"column":8},"end":{"line":173,"column":9}},"type":"if","locations":[{"start":{"line":162,"column":8},"end":{"line":173,"column":9}}]},"23":{"loc":{"start":{"line":177,"column":8},"end":{"line":180,"column":9}},"type":"if","locations":[{"start":{"line":177,"column":8},"end":{"line":180,"column":9}}]},"24":{"loc":{"start":{"line":192,"column":8},"end":{"line":196,"column":9}},"type":"if","locations":[{"start":{"line":192,"column":8},"end":{"line":196,"column":9}},{"start":{"line":194,"column":15},"end":{"line":196,"column":9}}]},"25":{"loc":{"start":{"line":202,"column":4},"end":{"line":205,"column":5}},"type":"if","locations":[{"start":{"line":202,"column":4},"end":{"line":205,"column":5}}]},"26":{"loc":{"start":{"line":202,"column":9},"end":{"line":202,"column":42}},"type":"cond-expr","locations":[{"start":{"line":202,"column":19},"end":{"line":202,"column":21}},{"start":{"line":202,"column":9},"end":{"line":202,"column":42}}]},"27":{"loc":{"start":{"line":202,"column":9},"end":{"line":202,"column":21}},"type":"binary-expr","locations":[{"start":{"line":202,"column":9},"end":{"line":202,"column":21}},{"start":{"line":202,"column":9},"end":{"line":202,"column":21}}]},"28":{"loc":{"start":{"line":208,"column":4},"end":{"line":211,"column":5}},"type":"if","locations":[{"start":{"line":208,"column":4},"end":{"line":211,"column":5}}]},"29":{"loc":{"start":{"line":217,"column":8},"end":{"line":220,"column":9}},"type":"if","locations":[{"start":{"line":217,"column":8},"end":{"line":220,"column":9}}]},"30":{"loc":{"start":{"line":223,"column":8},"end":{"line":229,"column":9}},"type":"if","locations":[{"start":{"line":223,"column":8},"end":{"line":229,"column":9}}]},"31":{"loc":{"start":{"line":241,"column":8},"end":{"line":247,"column":9}},"type":"if","locations":[{"start":{"line":241,"column":8},"end":{"line":247,"column":9}}]},"32":{"loc":{"start":{"line":253,"column":8},"end":{"line":263,"column":9}},"type":"if","locations":[{"start":{"line":253,"column":8},"end":{"line":263,"column":9}},{"start":{"line":258,"column":15},"end":{"line":263,"column":9}}]}},"s":{"0":3,"1":3,"2":3,"3":3,"4":9,"5":1,"6":8,"7":8,"8":8,"9":8,"10":3,"11":7,"12":7,"13":7,"14":1,"15":1,"16":6,"17":6,"18":5,"19":1,"20":1,"21":4,"22":4,"23":4,"24":3,"25":2,"26":3,"27":12,"28":12,"29":12,"30":1,"31":1,"32":11,"33":11,"34":11,"35":1,"36":1,"37":10,"38":10,"39":1,"40":1,"41":9,"42":9,"43":1,"44":1,"45":8,"46":8,"47":8,"48":0,"49":3,"50":0,"51":0,"52":0,"53":0,"54":0,"55":0,"56":0,"57":0,"58":0,"59":0,"60":0,"61":0,"62":0,"63":0,"64":0,"65":0,"66":0,"67":0,"68":0,"69":0,"70":0,"71":3,"72":6,"73":6,"74":6,"75":6,"76":6,"77":0,"78":0,"79":0,"80":0,"81":0,"82":0,"83":0,"84":0,"85":0,"86":0,"87":0,"88":0,"89":0,"90":0,"91":0,"92":0,"93":0,"94":0,"95":0,"96":0,"97":0,"98":0,"99":0,"100":0,"101":0,"102":0,"103":0,"104":3,"105":35,"106":35,"107":35,"108":35,"109":35,"110":0,"111":0,"112":0,"113":0,"114":0,"115":0,"116":0,"117":0,"118":0,"119":0,"120":0,"121":0,"122":0,"123":0,"124":0,"125":0,"126":0,"127":0,"128":0,"129":0,"130":0,"131":0,"132":0,"133":0,"134":0,"135":0,"136":3,"137":3},"f":{"0":9,"1":7,"2":7,"3":12,"4":12,"5":0,"6":0,"7":6,"8":6,"9":0,"10":35,"11":35,"12":0},"b":{"0":[1],"1":[8,0],"2":[8,0],"3":[1],"4":[7,7],"5":[1],"6":[1],"7":[12,12],"8":[1],"9":[1],"10":[1],"11":[0],"12":[0,0],"13":[0,0],"14":[0],"15":[0],"16":[0,0],"17":[6],"18":[6,0],"19":[6,6],"20":[0],"21":[0],"22":[0],"23":[0],"24":[0,0],"25":[35],"26":[21,14],"27":[35,35],"28":[0],"29":[0],"30":[0],"31":[0],"32":[0,0]}}
,"C:\\Users\\leebe\\College\\ThirdyearSemA\\internet applications course\\web_App-assigments-Assigment2\\app_B\\src\\controllers\\base_controller.ts": {"path":"C:\\Users\\leebe\\College\\ThirdyearSemA\\internet applications course\\web_App-assigments-Assigment2\\app_B\\src\\controllers\\base_controller.ts","statementMap":{"0":{"start":{"line":7,"column":8},"end":{"line":7,"column":27}},"1":{"start":{"line":11,"column":8},"end":{"line":26,"column":9}},"2":{"start":{"line":12,"column":28},"end":{"line":12,"column":61}},"3":{"start":{"line":13,"column":12},"end":{"line":13,"column":42}},"4":{"start":{"line":15,"column":12},"end":{"line":25,"column":13}},"5":{"start":{"line":16,"column":16},"end":{"line":19,"column":19}},"6":{"start":{"line":21,"column":16},"end":{"line":24,"column":19}},"7":{"start":{"line":30,"column":20},"end":{"line":30,"column":39}},"8":{"start":{"line":31,"column":8},"end":{"line":31,"column":29}},"9":{"start":{"line":32,"column":8},"end":{"line":47,"column":9}},"10":{"start":{"line":33,"column":25},"end":{"line":33,"column":68}},"11":{"start":{"line":34,"column":12},"end":{"line":34,"column":39}},"12":{"start":{"line":36,"column":12},"end":{"line":46,"column":13}},"13":{"start":{"line":37,"column":16},"end":{"line":40,"column":19}},"14":{"start":{"line":42,"column":16},"end":{"line":45,"column":19}},"15":{"start":{"line":51,"column":19},"end":{"line":51,"column":32}},"16":{"start":{"line":52,"column":8},"end":{"line":81,"column":9}},"17":{"start":{"line":53,"column":25},"end":{"line":53,"column":54}},"18":{"start":{"line":54,"column":12},"end":{"line":60,"column":13}},"19":{"start":{"line":55,"column":16},"end":{"line":58,"column":19}},"20":{"start":{"line":59,"column":16},"end":{"line":59,"column":23}},"21":{"start":{"line":61,"column":12},"end":{"line":61,"column":39}},"22":{"start":{"line":63,"column":12},"end":{"line":80,"column":13}},"23":{"start":{"line":64,"column":16},"end":{"line":70,"column":17}},"24":{"start":{"line":65,"column":20},"end":{"line":68,"column":23}},"25":{"start":{"line":69,"column":20},"end":{"line":69,"column":27}},"26":{"start":{"line":71,"column":16},"end":{"line":74,"column":19}},"27":{"start":{"line":76,"column":16},"end":{"line":79,"column":19}},"28":{"start":{"line":85,"column":23},"end":{"line":85,"column":39}},"29":{"start":{"line":86,"column":8},"end":{"line":108,"column":9}},"30":{"start":{"line":87,"column":12},"end":{"line":93,"column":13}},"31":{"start":{"line":88,"column":16},"end":{"line":91,"column":19}},"32":{"start":{"line":92,"column":16},"end":{"line":92,"column":23}},"33":{"start":{"line":94,"column":29},"end":{"line":94,"column":68}},"34":{"start":{"line":95,"column":12},"end":{"line":95,"column":43}},"35":{"start":{"line":97,"column":12},"end":{"line":107,"column":13}},"36":{"start":{"line":98,"column":16},"end":{"line":101,"column":19}},"37":{"start":{"line":103,"column":16},"end":{"line":106,"column":19}},"38":{"start":{"line":112,"column":19},"end":{"line":112,"column":32}},"39":{"start":{"line":113,"column":8},"end":{"line":149,"column":9}},"40":{"start":{"line":114,"column":27},"end":{"line":114,"column":56}},"41":{"start":{"line":115,"column":12},"end":{"line":121,"column":13}},"42":{"start":{"line":116,"column":16},"end":{"line":119,"column":19}},"43":{"start":{"line":120,"column":16},"end":{"line":120,"column":23}},"44":{"start":{"line":123,"column":25},"end":{"line":123,"column":63}},"45":{"start":{"line":124,"column":12},"end":{"line":128,"column":15}},"46":{"start":{"line":130,"column":12},"end":{"line":148,"column":13}},"47":{"start":{"line":131,"column":16},"end":{"line":137,"column":17}},"48":{"start":{"line":132,"column":20},"end":{"line":135,"column":23}},"49":{"start":{"line":136,"column":20},"end":{"line":136,"column":27}},"50":{"start":{"line":138,"column":16},"end":{"line":142,"column":19}},"51":{"start":{"line":144,"column":16},"end":{"line":147,"column":19}},"52":{"start":{"line":153,"column":19},"end":{"line":153,"column":32}},"53":{"start":{"line":154,"column":27},"end":{"line":154,"column":35}},"54":{"start":{"line":155,"column":8},"end":{"line":203,"column":9}},"55":{"start":{"line":156,"column":27},"end":{"line":156,"column":56}},"56":{"start":{"line":157,"column":12},"end":{"line":163,"column":13}},"57":{"start":{"line":158,"column":16},"end":{"line":161,"column":19}},"58":{"start":{"line":162,"column":16},"end":{"line":162,"column":23}},"59":{"start":{"line":165,"column":27},"end":{"line":168,"column":null}},"60":{"start":{"line":171,"column":12},"end":{"line":175,"column":15}},"61":{"start":{"line":177,"column":12},"end":{"line":202,"column":13}},"62":{"start":{"line":178,"column":16},"end":{"line":191,"column":17}},"63":{"start":{"line":179,"column":20},"end":{"line":182,"column":23}},"64":{"start":{"line":183,"column":20},"end":{"line":183,"column":27}},"65":{"start":{"line":184,"column":23},"end":{"line":191,"column":17}},"66":{"start":{"line":185,"column":20},"end":{"line":189,"column":23}},"67":{"start":{"line":190,"column":20},"end":{"line":190,"column":27}},"68":{"start":{"line":192,"column":16},"end":{"line":196,"column":19}},"69":{"start":{"line":198,"column":16},"end":{"line":201,"column":19}},"70":{"start":{"line":207,"column":25},"end":{"line":209,"column":1}},"71":{"start":{"line":208,"column":4},"end":{"line":208,"column":37}},"72":{"start":{"line":210,"column":0},"end":{"line":210,"column":32}}},"fnMap":{"0":{"name":"(anonymous_7)","decl":{"start":{"line":6,"column":4},"end":{"line":6,"column":16}},"loc":{"start":{"line":6,"column":31},"end":{"line":8,"column":5}}},"1":{"name":"(anonymous_8)","decl":{"start":{"line":10,"column":10},"end":{"line":10,"column":16}},"loc":{"start":{"line":10,"column":42},"end":{"line":27,"column":null}}},"2":{"name":"(anonymous_10)","decl":{"start":{"line":29,"column":10},"end":{"line":29,"column":16}},"loc":{"start":{"line":29,"column":44},"end":{"line":48,"column":null}}},"3":{"name":"(anonymous_12)","decl":{"start":{"line":50,"column":10},"end":{"line":50,"column":17}},"loc":{"start":{"line":50,"column":43},"end":{"line":82,"column":null}}},"4":{"name":"(anonymous_14)","decl":{"start":{"line":84,"column":10},"end":{"line":84,"column":19}},"loc":{"start":{"line":84,"column":45},"end":{"line":109,"column":null}}},"5":{"name":"(anonymous_16)","decl":{"start":{"line":111,"column":10},"end":{"line":111,"column":20}},"loc":{"start":{"line":111,"column":48},"end":{"line":150,"column":null}}},"6":{"name":"(anonymous_18)","decl":{"start":{"line":152,"column":10},"end":{"line":152,"column":20}},"loc":{"start":{"line":152,"column":46},"end":{"line":204,"column":null}}},"7":{"name":"(anonymous_20)","decl":{"start":{"line":207,"column":25},"end":{"line":207,"column":29}},"loc":{"start":{"line":207,"column":48},"end":{"line":209,"column":1}}}},"branchMap":{"0":{"loc":{"start":{"line":15,"column":12},"end":{"line":25,"column":13}},"type":"if","locations":[{"start":{"line":15,"column":12},"end":{"line":25,"column":13}},{"start":{"line":20,"column":19},"end":{"line":25,"column":13}}]},"1":{"loc":{"start":{"line":36,"column":12},"end":{"line":46,"column":13}},"type":"if","locations":[{"start":{"line":36,"column":12},"end":{"line":46,"column":13}},{"start":{"line":41,"column":19},"end":{"line":46,"column":13}}]},"2":{"loc":{"start":{"line":54,"column":12},"end":{"line":60,"column":13}},"type":"if","locations":[{"start":{"line":54,"column":12},"end":{"line":60,"column":13}}]},"3":{"loc":{"start":{"line":63,"column":12},"end":{"line":80,"column":13}},"type":"if","locations":[{"start":{"line":63,"column":12},"end":{"line":80,"column":13}},{"start":{"line":75,"column":19},"end":{"line":80,"column":13}}]},"4":{"loc":{"start":{"line":64,"column":16},"end":{"line":70,"column":17}},"type":"if","locations":[{"start":{"line":64,"column":16},"end":{"line":70,"column":17}}]},"5":{"loc":{"start":{"line":87,"column":12},"end":{"line":93,"column":13}},"type":"if","locations":[{"start":{"line":87,"column":12},"end":{"line":93,"column":13}}]},"6":{"loc":{"start":{"line":97,"column":12},"end":{"line":107,"column":13}},"type":"if","locations":[{"start":{"line":97,"column":12},"end":{"line":107,"column":13}},{"start":{"line":102,"column":19},"end":{"line":107,"column":13}}]},"7":{"loc":{"start":{"line":115,"column":12},"end":{"line":121,"column":13}},"type":"if","locations":[{"start":{"line":115,"column":12},"end":{"line":121,"column":13}}]},"8":{"loc":{"start":{"line":130,"column":12},"end":{"line":148,"column":13}},"type":"if","locations":[{"start":{"line":130,"column":12},"end":{"line":148,"column":13}},{"start":{"line":143,"column":19},"end":{"line":148,"column":13}}]},"9":{"loc":{"start":{"line":131,"column":16},"end":{"line":137,"column":17}},"type":"if","locations":[{"start":{"line":131,"column":16},"end":{"line":137,"column":17}}]},"10":{"loc":{"start":{"line":157,"column":12},"end":{"line":163,"column":13}},"type":"if","locations":[{"start":{"line":157,"column":12},"end":{"line":163,"column":13}}]},"11":{"loc":{"start":{"line":177,"column":12},"end":{"line":202,"column":13}},"type":"if","locations":[{"start":{"line":177,"column":12},"end":{"line":202,"column":13}},{"start":{"line":197,"column":19},"end":{"line":202,"column":13}}]},"12":{"loc":{"start":{"line":178,"column":16},"end":{"line":191,"column":17}},"type":"if","locations":[{"start":{"line":178,"column":16},"end":{"line":191,"column":17}},{"start":{"line":184,"column":23},"end":{"line":191,"column":17}}]},"13":{"loc":{"start":{"line":184,"column":23},"end":{"line":191,"column":17}},"type":"if","locations":[{"start":{"line":184,"column":23},"end":{"line":191,"column":17}}]}},"s":{"0":6,"1":0,"2":0,"3":0,"4":0,"5":0,"6":0,"7":0,"8":0,"9":0,"10":0,"11":0,"12":0,"13":0,"14":0,"15":0,"16":0,"17":0,"18":0,"19":0,"20":0,"21":0,"22":0,"23":0,"24":0,"25":0,"26":0,"27":0,"28":0,"29":0,"30":0,"31":0,"32":0,"33":0,"34":0,"35":0,"36":0,"37":0,"38":0,"39":0,"40":0,"41":0,"42":0,"43":0,"44":0,"45":0,"46":0,"47":0,"48":0,"49":0,"50":0,"51":0,"52":0,"53":0,"54":0,"55":0,"56":0,"57":0,"58":0,"59":0,"60":0,"61":0,"62":0,"63":0,"64":0,"65":0,"66":0,"67":0,"68":0,"69":0,"70":3,"71":6,"72":3},"f":{"0":6,"1":0,"2":0,"3":0,"4":0,"5":0,"6":0,"7":6},"b":{"0":[0,0],"1":[0,0],"2":[0],"3":[0,0],"4":[0],"5":[0],"6":[0,0],"7":[0],"8":[0,0],"9":[0],"10":[0],"11":[0,0],"12":[0,0],"13":[0]}}
,"C:\\Users\\leebe\\College\\ThirdyearSemA\\internet applications course\\web_App-assigments-Assigment2\\app_B\\src\\controllers\\comments_controller.ts": {"path":"C:\\Users\\leebe\\College\\ThirdyearSemA\\internet applications course\\web_App-assigments-Assigment2\\app_B\\src\\controllers\\comments_controller.ts","statementMap":{"0":{"start":{"line":1,"column":0},"end":{"line":1,"column":67}},"1":{"start":{"line":2,"column":0},"end":{"line":2,"column":49}},"2":{"start":{"line":4,"column":27},"end":{"line":4,"column":68}},"3":{"start":{"line":6,"column":0},"end":{"line":6,"column":34}}},"fnMap":{},"branchMap":{},"s":{"0":3,"1":3,"2":3,"3":3},"f":{},"b":{}}
,"C:\\Users\\leebe\\College\\ThirdyearSemA\\internet applications course\\web_App-assigments-Assigment2\\app_B\\src\\controllers\\posts_controller.ts": {"path":"C:\\Users\\leebe\\College\\ThirdyearSemA\\internet applications course\\web_App-assigments-Assigment2\\app_B\\src\\controllers\\posts_controller.ts","statementMap":{"0":{"start":{"line":2,"column":0},"end":{"line":2,"column":57}},"1":{"start":{"line":3,"column":0},"end":{"line":3,"column":49}},"2":{"start":{"line":5,"column":24},"end":{"line":5,"column":58}},"3":{"start":{"line":8,"column":0},"end":{"line":8,"column":31}}},"fnMap":{},"branchMap":{},"s":{"0":3,"1":3,"2":3,"3":3},"f":{},"b":{}}
,"C:\\Users\\leebe\\College\\ThirdyearSemA\\internet applications course\\web_App-assigments-Assigment2\\app_B\\src\\models\\comments_model.ts": {"path":"C:\\Users\\leebe\\College\\ThirdyearSemA\\internet applications course\\web_App-assigments-Assigment2\\app_B\\src\\models\\comments_model.ts","statementMap":{"0":{"start":{"line":1,"column":0},"end":{"line":1,"column":32}},"1":{"start":{"line":9,"column":21},"end":{"line":22,"column":2}},"2":{"start":{"line":24,"column":19},"end":{"line":24,"column":69}},"3":{"start":{"line":25,"column":0},"end":{"line":25,"column":28}}},"fnMap":{},"branchMap":{},"s":{"0":3,"1":3,"2":3,"3":3},"f":{},"b":{}}
,"C:\\Users\\leebe\\College\\ThirdyearSemA\\internet applications course\\web_App-assigments-Assigment2\\app_B\\src\\models\\posts_model.ts": {"path":"C:\\Users\\leebe\\College\\ThirdyearSemA\\internet applications course\\web_App-assigments-Assigment2\\app_B\\src\\models\\posts_model.ts","statementMap":{"0":{"start":{"line":1,"column":0},"end":{"line":1,"column":32}},"1":{"start":{"line":2,"column":15},"end":{"line":2,"column":30}},"2":{"start":{"line":10,"column":19},"end":{"line":20,"column":2}},"3":{"start":{"line":22,"column":18},"end":{"line":22,"column":60}},"4":{"start":{"line":23,"column":0},"end":{"line":23,"column":25}}},"fnMap":{},"branchMap":{},"s":{"0":3,"1":3,"2":3,"3":3,"4":3},"f":{},"b":{}}
,"C:\\Users\\leebe\\College\\ThirdyearSemA\\internet applications course\\web_App-assigments-Assigment2\\app_B\\src\\models\\user_model.ts": {"path":"C:\\Users\\leebe\\College\\ThirdyearSemA\\internet applications course\\web_App-assigments-Assigment2\\app_B\\src\\models\\user_model.ts","statementMap":{"0":{"start":{"line":1,"column":0},"end":{"line":1,"column":32}},"1":{"start":{"line":2,"column":15},"end":{"line":2,"column":30}},"2":{"start":{"line":10,"column":19},"end":{"line":23,"column":2}},"3":{"start":{"line":25,"column":18},"end":{"line":25,"column":60}},"4":{"start":{"line":26,"column":0},"end":{"line":26,"column":25}}},"fnMap":{},"branchMap":{},"s":{"0":3,"1":3,"2":3,"3":3,"4":3},"f":{},"b":{}}
,"C:\\Users\\leebe\\College\\ThirdyearSemA\\internet applications course\\web_App-assigments-Assigment2\\app_B\\src\\routes\\auth_routes.ts": {"path":"C:\\Users\\leebe\\College\\ThirdyearSemA\\internet applications course\\web_App-assigments-Assigment2\\app_B\\src\\routes\\auth_routes.ts","statementMap":{"0":{"start":{"line":1,"column":0},"end":{"line":1,"column":30}},"1":{"start":{"line":2,"column":0},"end":{"line":2,"column":60}},"2":{"start":{"line":3,"column":0},"end":{"line":3,"column":64}},"3":{"start":{"line":5,"column":15},"end":{"line":5,"column":31}},"4":{"start":{"line":65,"column":0},"end":{"line":65,"column":50}},"5":{"start":{"line":104,"column":0},"end":{"line":104,"column":44}},"6":{"start":{"line":122,"column":0},"end":{"line":122,"column":62}},"7":{"start":{"line":164,"column":0},"end":{"line":164,"column":48}},"8":{"start":{"line":166,"column":0},"end":{"line":166,"column":22}}},"fnMap":{},"branchMap":{},"s":{"0":3,"1":3,"2":3,"3":3,"4":3,"5":3,"6":3,"7":3,"8":3},"f":{},"b":{}}
,"C:\\Users\\leebe\\College\\ThirdyearSemA\\internet applications course\\web_App-assigments-Assigment2\\app_B\\src\\routes\\comments_routes.ts": {"path":"C:\\Users\\leebe\\College\\ThirdyearSemA\\internet applications course\\web_App-assigments-Assigment2\\app_B\\src\\routes\\comments_routes.ts","statementMap":{"0":{"start":{"line":1,"column":0},"end":{"line":1,"column":30}},"1":{"start":{"line":2,"column":15},"end":{"line":2,"column":31}},"2":{"start":{"line":3,"column":0},"end":{"line":3,"column":68}},"3":{"start":{"line":4,"column":0},"end":{"line":4,"column":64}},"4":{"start":{"line":42,"column":0},"end":{"line":42,"column":84}},"5":{"start":{"line":80,"column":0},"end":{"line":80,"column":88}},"6":{"start":{"line":133,"column":0},"end":{"line":133,"column":85}},"7":{"start":{"line":188,"column":0},"end":{"line":190,"column":3}},"8":{"start":{"line":189,"column":4},"end":{"line":189,"column":44}},"9":{"start":{"line":217,"column":0},"end":{"line":217,"column":94}},"10":{"start":{"line":219,"column":0},"end":{"line":219,"column":22}}},"fnMap":{"0":{"name":"(anonymous_1)","decl":{"start":{"line":188,"column":35},"end":{"line":188,"column":36}},"loc":{"start":{"line":188,"column":48},"end":{"line":190,"column":1}}}},"branchMap":{},"s":{"0":3,"1":3,"2":3,"3":3,"4":3,"5":3,"6":3,"7":3,"8":0,"9":3,"10":3},"f":{"0":0},"b":{}}
,"C:\\Users\\leebe\\College\\ThirdyearSemA\\internet applications course\\web_App-assigments-Assigment2\\app_B\\src\\routes\\posts_routes.ts": {"path":"C:\\Users\\leebe\\College\\ThirdyearSemA\\internet applications course\\web_App-assigments-Assigment2\\app_B\\src\\routes\\posts_routes.ts","statementMap":{"0":{"start":{"line":1,"column":0},"end":{"line":1,"column":30}},"1":{"start":{"line":2,"column":0},"end":{"line":2,"column":64}},"2":{"start":{"line":3,"column":0},"end":{"line":3,"column":62}},"3":{"start":{"line":4,"column":15},"end":{"line":4,"column":31}},"4":{"start":{"line":40,"column":0},"end":{"line":40,"column":78}},"5":{"start":{"line":76,"column":0},"end":{"line":76,"column":82}},"6":{"start":{"line":126,"column":0},"end":{"line":126,"column":79}},"7":{"start":{"line":186,"column":0},"end":{"line":188,"column":3}},"8":{"start":{"line":187,"column":4},"end":{"line":187,"column":41}},"9":{"start":{"line":213,"column":0},"end":{"line":213,"column":88}},"10":{"start":{"line":216,"column":0},"end":{"line":216,"column":22}}},"fnMap":{"0":{"name":"(anonymous_1)","decl":{"start":{"line":186,"column":35},"end":{"line":186,"column":36}},"loc":{"start":{"line":186,"column":48},"end":{"line":188,"column":1}}}},"branchMap":{},"s":{"0":3,"1":3,"2":3,"3":3,"4":3,"5":3,"6":3,"7":3,"8":0,"9":3,"10":3},"f":{"0":0},"b":{}}
}
