{"C:\\Users\\משתמש\\Desktop\\AppB\\web_App-assigments\\app_B\\src\\server.ts": {"path":"C:\\Users\\משתמש\\Desktop\\AppB\\web_App-assigments\\app_B\\src\\server.ts","statementMap":{"0":{"start":{"line":4,"column":0},"end":{"line":4,"column":43}},"1":{"start":{"line":5,"column":12},"end":{"line":5,"column":21}},"2":{"start":{"line":6,"column":0},"end":{"line":6,"column":28}},"3":{"start":{"line":7,"column":0},"end":{"line":7,"column":16}},"4":{"start":{"line":8,"column":0},"end":{"line":8,"column":32}},"5":{"start":{"line":9,"column":0},"end":{"line":9,"column":48}},"6":{"start":{"line":10,"column":0},"end":{"line":10,"column":37}},"7":{"start":{"line":11,"column":0},"end":{"line":11,"column":54}},"8":{"start":{"line":12,"column":0},"end":{"line":12,"column":46}},"9":{"start":{"line":13,"column":0},"end":{"line":13,"column":41}},"10":{"start":{"line":14,"column":0},"end":{"line":14,"column":43}},"11":{"start":{"line":16,"column":16},"end":{"line":27,"column":2}},"12":{"start":{"line":28,"column":14},"end":{"line":28,"column":35}},"13":{"start":{"line":29,"column":0},"end":{"line":29,"column":62}},"14":{"start":{"line":32,"column":4},"end":{"line":53,"column":7}},"15":{"start":{"line":33,"column":19},"end":{"line":33,"column":38}},"16":{"start":{"line":34,"column":8},"end":{"line":34,"column":56}},"17":{"start":{"line":34,"column":34},"end":{"line":34,"column":54}},"18":{"start":{"line":35,"column":8},"end":{"line":35,"column":67}},"19":{"start":{"line":35,"column":30},"end":{"line":35,"column":65}},"20":{"start":{"line":38,"column":8},"end":{"line":52,"column":9}},"21":{"start":{"line":39,"column":12},"end":{"line":39,"column":51}},"22":{"start":{"line":40,"column":12},"end":{"line":40,"column":21}},"23":{"start":{"line":42,"column":12},"end":{"line":51,"column":15}},"24":{"start":{"line":44,"column":16},"end":{"line":44,"column":43}},"25":{"start":{"line":45,"column":16},"end":{"line":45,"column":67}},"26":{"start":{"line":46,"column":16},"end":{"line":46,"column":47}},"27":{"start":{"line":47,"column":16},"end":{"line":47,"column":53}},"28":{"start":{"line":48,"column":16},"end":{"line":48,"column":45}},"29":{"start":{"line":50,"column":16},"end":{"line":50,"column":29}},"30":{"start":{"line":58,"column":0},"end":{"line":58,"column":23}}},"fnMap":{"0":{"name":"initApp","decl":{"start":{"line":31,"column":9},"end":{"line":31,"column":16}},"loc":{"start":{"line":31,"column":16},"end":{"line":55,"column":1}}},"1":{"name":"(anonymous_2)","decl":{"start":{"line":32,"column":32},"end":{"line":32,"column":33}},"loc":{"start":{"line":32,"column":52},"end":{"line":53,"column":5}}},"2":{"name":"(anonymous_3)","decl":{"start":{"line":34,"column":23},"end":{"line":34,"column":24}},"loc":{"start":{"line":34,"column":34},"end":{"line":34,"column":54}}},"3":{"name":"(anonymous_4)","decl":{"start":{"line":35,"column":24},"end":{"line":35,"column":27}},"loc":{"start":{"line":35,"column":30},"end":{"line":35,"column":65}}},"4":{"name":"(anonymous_5)","decl":{"start":{"line":42,"column":58},"end":{"line":42,"column":61}},"loc":{"start":{"line":42,"column":63},"end":{"line":51,"column":13}}}},"branchMap":{"0":{"loc":{"start":{"line":38,"column":8},"end":{"line":52,"column":9}},"type":"if","locations":[{"start":{"line":38,"column":8},"end":{"line":52,"column":9}},{"start":{"line":41,"column":15},"end":{"line":52,"column":9}}]}},"s":{"0":3,"1":3,"2":3,"3":3,"4":3,"5":3,"6":3,"7":3,"8":3,"9":3,"10":3,"11":3,"12":3,"13":3,"14":3,"15":3,"16":3,"17":0,"18":3,"19":3,"20":3,"21":0,"22":0,"23":3,"24":3,"25":3,"26":3,"27":3,"28":3,"29":3,"30":3},"f":{"0":3,"1":3,"2":0,"3":3,"4":3},"b":{"0":[0,3]}}
,"C:\\Users\\משתמש\\Desktop\\AppB\\web_App-assigments\\app_B\\src\\controllers\\auth_controller.ts": {"path":"C:\\Users\\משתמש\\Desktop\\AppB\\web_App-assigments\\app_B\\src\\controllers\\auth_controller.ts","statementMap":{"0":{"start":{"line":5,"column":0},"end":{"line":5,"column":45}},"1":{"start":{"line":6,"column":0},"end":{"line":6,"column":28}},"2":{"start":{"line":7,"column":0},"end":{"line":7,"column":31}},"3":{"start":{"line":9,"column":17},"end":{"line":27,"column":2}},"4":{"start":{"line":9,"column":55},"end":{"line":27,"column":2}},"5":{"start":{"line":10,"column":18},"end":{"line":10,"column":32}},"6":{"start":{"line":11,"column":21},"end":{"line":11,"column":38}},"7":{"start":{"line":12,"column":4},"end":{"line":15,"column":5}},"8":{"start":{"line":13,"column":8},"end":{"line":13,"column":58}},"9":{"start":{"line":14,"column":8},"end":{"line":14,"column":15}},"10":{"start":{"line":16,"column":4},"end":{"line":26,"column":5}},"11":{"start":{"line":17,"column":21},"end":{"line":17,"column":45}},"12":{"start":{"line":18,"column":31},"end":{"line":18,"column":64}},"13":{"start":{"line":19,"column":21},"end":{"line":22,"column":10}},"14":{"start":{"line":23,"column":8},"end":{"line":23,"column":35}},"15":{"start":{"line":25,"column":8},"end":{"line":25,"column":34}},"16":{"start":{"line":29,"column":23},"end":{"line":52,"column":1}},"17":{"start":{"line":30,"column":19},"end":{"line":30,"column":54}},"18":{"start":{"line":31,"column":4},"end":{"line":33,"column":5}},"19":{"start":{"line":32,"column":8},"end":{"line":32,"column":20}},"20":{"start":{"line":34,"column":24},"end":{"line":40,"column":52}},"21":{"start":{"line":42,"column":25},"end":{"line":49,"column":60}},"22":{"start":{"line":51,"column":4},"end":{"line":51,"column":41}},"23":{"start":{"line":53,"column":14},"end":{"line":94,"column":2}},"24":{"start":{"line":53,"column":52},"end":{"line":94,"column":2}},"25":{"start":{"line":54,"column":18},"end":{"line":54,"column":32}},"26":{"start":{"line":55,"column":21},"end":{"line":55,"column":38}},"27":{"start":{"line":56,"column":4},"end":{"line":59,"column":5}},"28":{"start":{"line":57,"column":8},"end":{"line":57,"column":56}},"29":{"start":{"line":58,"column":8},"end":{"line":58,"column":15}},"30":{"start":{"line":60,"column":4},"end":{"line":93,"column":5}},"31":{"start":{"line":61,"column":21},"end":{"line":61,"column":62}},"32":{"start":{"line":62,"column":8},"end":{"line":65,"column":9}},"33":{"start":{"line":63,"column":12},"end":{"line":63,"column":60}},"34":{"start":{"line":64,"column":12},"end":{"line":64,"column":19}},"35":{"start":{"line":66,"column":30},"end":{"line":66,"column":75}},"36":{"start":{"line":67,"column":8},"end":{"line":70,"column":9}},"37":{"start":{"line":68,"column":12},"end":{"line":68,"column":60}},"38":{"start":{"line":69,"column":12},"end":{"line":69,"column":19}},"39":{"start":{"line":72,"column":31},"end":{"line":72,"column":50}},"40":{"start":{"line":73,"column":23},"end":{"line":73,"column":45}},"41":{"start":{"line":74,"column":8},"end":{"line":77,"column":9}},"42":{"start":{"line":75,"column":12},"end":{"line":75,"column":63}},"43":{"start":{"line":76,"column":12},"end":{"line":76,"column":19}},"44":{"start":{"line":79,"column":8},"end":{"line":81,"column":9}},"45":{"start":{"line":80,"column":12},"end":{"line":80,"column":36}},"46":{"start":{"line":82,"column":8},"end":{"line":82,"column":53}},"47":{"start":{"line":83,"column":8},"end":{"line":83,"column":26}},"48":{"start":{"line":85,"column":8},"end":{"line":90,"column":11}},"49":{"start":{"line":92,"column":8},"end":{"line":92,"column":34}},"50":{"start":{"line":96,"column":15},"end":{"line":132,"column":2}},"51":{"start":{"line":96,"column":53},"end":{"line":132,"column":2}},"52":{"start":{"line":97,"column":25},"end":{"line":97,"column":46}},"53":{"start":{"line":98,"column":4},"end":{"line":101,"column":5}},"54":{"start":{"line":99,"column":8},"end":{"line":99,"column":46}},"55":{"start":{"line":100,"column":8},"end":{"line":100,"column":15}},"56":{"start":{"line":103,"column":4},"end":{"line":106,"column":5}},"57":{"start":{"line":104,"column":8},"end":{"line":104,"column":59}},"58":{"start":{"line":105,"column":8},"end":{"line":105,"column":15}},"59":{"start":{"line":107,"column":4},"end":{"line":131,"column":7}},"60":{"start":{"line":107,"column":85},"end":{"line":131,"column":6}},"61":{"start":{"line":108,"column":8},"end":{"line":111,"column":9}},"62":{"start":{"line":109,"column":12},"end":{"line":109,"column":50}},"63":{"start":{"line":110,"column":12},"end":{"line":110,"column":19}},"64":{"start":{"line":112,"column":24},"end":{"line":112,"column":44}},"65":{"start":{"line":113,"column":8},"end":{"line":130,"column":9}},"66":{"start":{"line":114,"column":25},"end":{"line":114,"column":70}},"67":{"start":{"line":115,"column":12},"end":{"line":118,"column":13}},"68":{"start":{"line":116,"column":16},"end":{"line":116,"column":54}},"69":{"start":{"line":117,"column":16},"end":{"line":117,"column":23}},"70":{"start":{"line":119,"column":12},"end":{"line":124,"column":13}},"71":{"start":{"line":120,"column":16},"end":{"line":120,"column":54}},"72":{"start":{"line":121,"column":16},"end":{"line":121,"column":40}},"73":{"start":{"line":122,"column":16},"end":{"line":122,"column":34}},"74":{"start":{"line":123,"column":16},"end":{"line":123,"column":23}},"75":{"start":{"line":125,"column":12},"end":{"line":125,"column":94}},"76":{"start":{"line":125,"column":70},"end":{"line":125,"column":92}},"77":{"start":{"line":126,"column":12},"end":{"line":126,"column":30}},"78":{"start":{"line":127,"column":12},"end":{"line":127,"column":47}},"79":{"start":{"line":129,"column":12},"end":{"line":129,"column":50}},"80":{"start":{"line":134,"column":16},"end":{"line":193,"column":2}},"81":{"start":{"line":134,"column":54},"end":{"line":193,"column":2}},"82":{"start":{"line":136,"column":24},"end":{"line":136,"column":45}},"83":{"start":{"line":137,"column":4},"end":{"line":140,"column":5}},"84":{"start":{"line":138,"column":8},"end":{"line":138,"column":46}},"85":{"start":{"line":139,"column":8},"end":{"line":139,"column":15}},"86":{"start":{"line":141,"column":4},"end":{"line":144,"column":5}},"87":{"start":{"line":142,"column":8},"end":{"line":142,"column":59}},"88":{"start":{"line":143,"column":8},"end":{"line":143,"column":15}},"89":{"start":{"line":145,"column":4},"end":{"line":192,"column":7}},"90":{"start":{"line":145,"column":85},"end":{"line":192,"column":6}},"91":{"start":{"line":146,"column":8},"end":{"line":149,"column":9}},"92":{"start":{"line":147,"column":12},"end":{"line":147,"column":50}},"93":{"start":{"line":148,"column":12},"end":{"line":148,"column":19}},"94":{"start":{"line":152,"column":24},"end":{"line":152,"column":44}},"95":{"start":{"line":153,"column":8},"end":{"line":191,"column":9}},"96":{"start":{"line":154,"column":25},"end":{"line":154,"column":70}},"97":{"start":{"line":155,"column":12},"end":{"line":158,"column":13}},"98":{"start":{"line":156,"column":16},"end":{"line":156,"column":54}},"99":{"start":{"line":157,"column":16},"end":{"line":157,"column":23}},"100":{"start":{"line":161,"column":12},"end":{"line":166,"column":13}},"101":{"start":{"line":162,"column":16},"end":{"line":162,"column":40}},"102":{"start":{"line":163,"column":16},"end":{"line":163,"column":34}},"103":{"start":{"line":164,"column":16},"end":{"line":164,"column":54}},"104":{"start":{"line":165,"column":16},"end":{"line":165,"column":23}},"105":{"start":{"line":169,"column":30},"end":{"line":169,"column":65}},"106":{"start":{"line":170,"column":12},"end":{"line":175,"column":13}},"107":{"start":{"line":171,"column":16},"end":{"line":171,"column":40}},"108":{"start":{"line":172,"column":16},"end":{"line":172,"column":34}},"109":{"start":{"line":173,"column":16},"end":{"line":173,"column":67}},"110":{"start":{"line":174,"column":16},"end":{"line":174,"column":23}},"111":{"start":{"line":178,"column":12},"end":{"line":178,"column":94}},"112":{"start":{"line":178,"column":70},"end":{"line":178,"column":92}},"113":{"start":{"line":181,"column":12},"end":{"line":181,"column":60}},"114":{"start":{"line":182,"column":12},"end":{"line":182,"column":30}},"115":{"start":{"line":185,"column":12},"end":{"line":188,"column":15}},"116":{"start":{"line":190,"column":12},"end":{"line":190,"column":50}},"117":{"start":{"line":198,"column":30},"end":{"line":218,"column":1}},"118":{"start":{"line":199,"column":23},"end":{"line":199,"column":51}},"119":{"start":{"line":200,"column":18},"end":{"line":200,"column":56}},"120":{"start":{"line":201,"column":4},"end":{"line":204,"column":5}},"121":{"start":{"line":202,"column":8},"end":{"line":202,"column":46}},"122":{"start":{"line":203,"column":8},"end":{"line":203,"column":15}},"123":{"start":{"line":205,"column":4},"end":{"line":208,"column":5}},"124":{"start":{"line":206,"column":8},"end":{"line":206,"column":59}},"125":{"start":{"line":207,"column":8},"end":{"line":207,"column":15}},"126":{"start":{"line":209,"column":4},"end":{"line":217,"column":7}},"127":{"start":{"line":210,"column":8},"end":{"line":213,"column":9}},"128":{"start":{"line":211,"column":12},"end":{"line":211,"column":50}},"129":{"start":{"line":212,"column":12},"end":{"line":212,"column":19}},"130":{"start":{"line":214,"column":24},"end":{"line":214,"column":44}},"131":{"start":{"line":215,"column":8},"end":{"line":215,"column":40}},"132":{"start":{"line":216,"column":8},"end":{"line":216,"column":15}},"133":{"start":{"line":198,"column":13},"end":{"line":198,"column":30}},"134":{"start":{"line":221,"column":0},"end":{"line":221,"column":52}}},"fnMap":{"0":{"name":"(anonymous_8)","decl":{"start":{"line":9,"column":17},"end":{"line":9,"column":24}},"loc":{"start":{"line":9,"column":55},"end":{"line":27,"column":2}}},"1":{"name":"(anonymous_9)","decl":{"start":{"line":9,"column":55},"end":{"line":9,"column":null}},"loc":{"start":{"line":9,"column":55},"end":{"line":27,"column":1}}},"2":{"name":"(anonymous_10)","decl":{"start":{"line":29,"column":23},"end":{"line":29,"column":24}},"loc":{"start":{"line":29,"column":93},"end":{"line":52,"column":1}}},"3":{"name":"(anonymous_11)","decl":{"start":{"line":53,"column":14},"end":{"line":53,"column":21}},"loc":{"start":{"line":53,"column":52},"end":{"line":94,"column":2}}},"4":{"name":"(anonymous_12)","decl":{"start":{"line":53,"column":52},"end":{"line":53,"column":null}},"loc":{"start":{"line":53,"column":52},"end":{"line":94,"column":1}}},"5":{"name":"(anonymous_13)","decl":{"start":{"line":96,"column":15},"end":{"line":96,"column":22}},"loc":{"start":{"line":96,"column":53},"end":{"line":132,"column":2}}},"6":{"name":"(anonymous_14)","decl":{"start":{"line":96,"column":53},"end":{"line":96,"column":null}},"loc":{"start":{"line":96,"column":53},"end":{"line":132,"column":1}}},"7":{"name":"(anonymous_15)","decl":{"start":{"line":107,"column":55},"end":{"line":107,"column":62}},"loc":{"start":{"line":107,"column":85},"end":{"line":131,"column":6}}},"8":{"name":"(anonymous_16)","decl":{"start":{"line":107,"column":85},"end":{"line":107,"column":null}},"loc":{"start":{"line":107,"column":85},"end":{"line":131,"column":5}}},"9":{"name":"(anonymous_17)","decl":{"start":{"line":125,"column":59},"end":{"line":125,"column":60}},"loc":{"start":{"line":125,"column":70},"end":{"line":125,"column":92}}},"10":{"name":"(anonymous_18)","decl":{"start":{"line":134,"column":16},"end":{"line":134,"column":23}},"loc":{"start":{"line":134,"column":54},"end":{"line":193,"column":2}}},"11":{"name":"(anonymous_19)","decl":{"start":{"line":134,"column":54},"end":{"line":134,"column":null}},"loc":{"start":{"line":134,"column":54},"end":{"line":193,"column":1}}},"12":{"name":"(anonymous_20)","decl":{"start":{"line":145,"column":55},"end":{"line":145,"column":62}},"loc":{"start":{"line":145,"column":85},"end":{"line":192,"column":6}}},"13":{"name":"(anonymous_21)","decl":{"start":{"line":145,"column":85},"end":{"line":145,"column":null}},"loc":{"start":{"line":145,"column":85},"end":{"line":192,"column":5}}},"14":{"name":"(anonymous_22)","decl":{"start":{"line":178,"column":59},"end":{"line":178,"column":60}},"loc":{"start":{"line":178,"column":70},"end":{"line":178,"column":92}}},"15":{"name":"(anonymous_23)","decl":{"start":{"line":198,"column":30},"end":{"line":198,"column":31}},"loc":{"start":{"line":198,"column":82},"end":{"line":218,"column":1}}},"16":{"name":"(anonymous_24)","decl":{"start":{"line":209,"column":48},"end":{"line":209,"column":49}},"loc":{"start":{"line":209,"column":62},"end":{"line":217,"column":5}}}},"branchMap":{"0":{"loc":{"start":{"line":12,"column":4},"end":{"line":15,"column":5}},"type":"if","locations":[{"start":{"line":12,"column":4},"end":{"line":15,"column":5}}]},"1":{"loc":{"start":{"line":12,"column":7},"end":{"line":12,"column":26}},"type":"binary-expr","locations":[{"start":{"line":12,"column":7},"end":{"line":12,"column":13}},{"start":{"line":12,"column":17},"end":{"line":12,"column":26}}]},"2":{"loc":{"start":{"line":31,"column":4},"end":{"line":33,"column":5}},"type":"if","locations":[{"start":{"line":31,"column":4},"end":{"line":33,"column":5}}]},"3":{"loc":{"start":{"line":56,"column":4},"end":{"line":59,"column":5}},"type":"if","locations":[{"start":{"line":56,"column":4},"end":{"line":59,"column":5}}]},"4":{"loc":{"start":{"line":56,"column":7},"end":{"line":56,"column":26}},"type":"binary-expr","locations":[{"start":{"line":56,"column":7},"end":{"line":56,"column":13}},{"start":{"line":56,"column":17},"end":{"line":56,"column":26}}]},"5":{"loc":{"start":{"line":62,"column":8},"end":{"line":65,"column":9}},"type":"if","locations":[{"start":{"line":62,"column":8},"end":{"line":65,"column":9}}]},"6":{"loc":{"start":{"line":67,"column":8},"end":{"line":70,"column":9}},"type":"if","locations":[{"start":{"line":67,"column":8},"end":{"line":70,"column":9}}]},"7":{"loc":{"start":{"line":74,"column":8},"end":{"line":77,"column":9}},"type":"if","locations":[{"start":{"line":74,"column":8},"end":{"line":77,"column":9}}]},"8":{"loc":{"start":{"line":79,"column":8},"end":{"line":81,"column":9}},"type":"if","locations":[{"start":{"line":79,"column":8},"end":{"line":81,"column":9}}]},"9":{"loc":{"start":{"line":98,"column":4},"end":{"line":101,"column":5}},"type":"if","locations":[{"start":{"line":98,"column":4},"end":{"line":101,"column":5}}]},"10":{"loc":{"start":{"line":103,"column":4},"end":{"line":106,"column":5}},"type":"if","locations":[{"start":{"line":103,"column":4},"end":{"line":106,"column":5}}]},"11":{"loc":{"start":{"line":108,"column":8},"end":{"line":111,"column":9}},"type":"if","locations":[{"start":{"line":108,"column":8},"end":{"line":111,"column":9}}]},"12":{"loc":{"start":{"line":115,"column":12},"end":{"line":118,"column":13}},"type":"if","locations":[{"start":{"line":115,"column":12},"end":{"line":118,"column":13}}]},"13":{"loc":{"start":{"line":119,"column":12},"end":{"line":124,"column":13}},"type":"if","locations":[{"start":{"line":119,"column":12},"end":{"line":124,"column":13}}]},"14":{"loc":{"start":{"line":119,"column":15},"end":{"line":119,"column":80}},"type":"binary-expr","locations":[{"start":{"line":119,"column":15},"end":{"line":119,"column":34}},{"start":{"line":119,"column":38},"end":{"line":119,"column":80}}]},"15":{"loc":{"start":{"line":137,"column":4},"end":{"line":140,"column":5}},"type":"if","locations":[{"start":{"line":137,"column":4},"end":{"line":140,"column":5}}]},"16":{"loc":{"start":{"line":141,"column":4},"end":{"line":144,"column":5}},"type":"if","locations":[{"start":{"line":141,"column":4},"end":{"line":144,"column":5}}]},"17":{"loc":{"start":{"line":146,"column":8},"end":{"line":149,"column":9}},"type":"if","locations":[{"start":{"line":146,"column":8},"end":{"line":149,"column":9}}]},"18":{"loc":{"start":{"line":155,"column":12},"end":{"line":158,"column":13}},"type":"if","locations":[{"start":{"line":155,"column":12},"end":{"line":158,"column":13}}]},"19":{"loc":{"start":{"line":161,"column":12},"end":{"line":166,"column":13}},"type":"if","locations":[{"start":{"line":161,"column":12},"end":{"line":166,"column":13}}]},"20":{"loc":{"start":{"line":161,"column":15},"end":{"line":161,"column":80}},"type":"binary-expr","locations":[{"start":{"line":161,"column":15},"end":{"line":161,"column":34}},{"start":{"line":161,"column":38},"end":{"line":161,"column":80}}]},"21":{"loc":{"start":{"line":170,"column":12},"end":{"line":175,"column":13}},"type":"if","locations":[{"start":{"line":170,"column":12},"end":{"line":175,"column":13}}]},"22":{"loc":{"start":{"line":200,"column":18},"end":{"line":200,"column":56}},"type":"binary-expr","locations":[{"start":{"line":200,"column":18},"end":{"line":200,"column":28}},{"start":{"line":200,"column":32},"end":{"line":200,"column":56}}]},"23":{"loc":{"start":{"line":201,"column":4},"end":{"line":204,"column":5}},"type":"if","locations":[{"start":{"line":201,"column":4},"end":{"line":204,"column":5}}]},"24":{"loc":{"start":{"line":205,"column":4},"end":{"line":208,"column":5}},"type":"if","locations":[{"start":{"line":205,"column":4},"end":{"line":208,"column":5}}]},"25":{"loc":{"start":{"line":210,"column":8},"end":{"line":213,"column":9}},"type":"if","locations":[{"start":{"line":210,"column":8},"end":{"line":213,"column":9}}]}},"s":{"0":3,"1":3,"2":3,"3":3,"4":7,"5":7,"6":7,"7":7,"8":1,"9":1,"10":6,"11":6,"12":6,"13":6,"14":4,"15":2,"16":3,"17":12,"18":12,"19":1,"20":11,"21":11,"22":11,"23":3,"24":13,"25":13,"26":13,"27":13,"28":1,"29":1,"30":12,"31":12,"32":11,"33":1,"34":1,"35":10,"36":10,"37":1,"38":1,"39":9,"40":9,"41":9,"42":1,"43":1,"44":8,"45":0,"46":8,"47":8,"48":8,"49":1,"50":3,"51":5,"52":5,"53":5,"54":2,"55":2,"56":3,"57":1,"58":1,"59":2,"60":2,"61":2,"62":0,"63":0,"64":2,"65":2,"66":2,"67":2,"68":0,"69":0,"70":2,"71":1,"72":1,"73":1,"74":1,"75":1,"76":2,"77":1,"78":1,"79":0,"80":3,"81":9,"82":9,"83":9,"84":1,"85":1,"86":8,"87":1,"88":1,"89":7,"90":7,"91":7,"92":0,"93":0,"94":7,"95":7,"96":7,"97":7,"98":0,"99":0,"100":7,"101":4,"102":4,"103":4,"104":4,"105":3,"106":3,"107":0,"108":0,"109":0,"110":0,"111":3,"112":5,"113":3,"114":3,"115":3,"116":0,"117":3,"118":25,"119":25,"120":25,"121":7,"122":7,"123":18,"124":1,"125":1,"126":17,"127":17,"128":5,"129":5,"130":12,"131":12,"132":12,"133":3,"134":3},"f":{"0":7,"1":7,"2":12,"3":13,"4":13,"5":5,"6":5,"7":2,"8":2,"9":2,"10":9,"11":9,"12":7,"13":7,"14":5,"15":25,"16":17},"b":{"0":[1],"1":[7,7],"2":[1],"3":[1],"4":[13,13],"5":[1],"6":[1],"7":[1],"8":[0],"9":[2],"10":[1],"11":[0],"12":[0],"13":[1],"14":[2,2],"15":[1],"16":[1],"17":[0],"18":[0],"19":[4],"20":[7,7],"21":[0],"22":[25,21],"23":[7],"24":[1],"25":[5]}}
,"C:\\Users\\משתמש\\Desktop\\AppB\\web_App-assigments\\app_B\\src\\controllers\\base_controller.ts": {"path":"C:\\Users\\משתמש\\Desktop\\AppB\\web_App-assigments\\app_B\\src\\controllers\\base_controller.ts","statementMap":{"0":{"start":{"line":8,"column":8},"end":{"line":8,"column":27}},"1":{"start":{"line":11,"column":8},"end":{"line":17,"column":9}},"2":{"start":{"line":12,"column":26},"end":{"line":12,"column":59}},"3":{"start":{"line":13,"column":12},"end":{"line":13,"column":42}},"4":{"start":{"line":15,"column":12},"end":{"line":15,"column":28}},"5":{"start":{"line":16,"column":12},"end":{"line":16,"column":26}},"6":{"start":{"line":21,"column":20},"end":{"line":21,"column":39}},"7":{"start":{"line":22,"column":8},"end":{"line":27,"column":9}},"8":{"start":{"line":23,"column":23},"end":{"line":23,"column":66}},"9":{"start":{"line":24,"column":10},"end":{"line":24,"column":37}},"10":{"start":{"line":26,"column":10},"end":{"line":26,"column":36}},"11":{"start":{"line":31,"column":25},"end":{"line":31,"column":38}},"12":{"start":{"line":32,"column":8},"end":{"line":40,"column":9}},"13":{"start":{"line":33,"column":12},"end":{"line":37,"column":13}},"14":{"start":{"line":34,"column":31},"end":{"line":34,"column":66}},"15":{"start":{"line":35,"column":16},"end":{"line":35,"column":47}},"16":{"start":{"line":36,"column":16},"end":{"line":36,"column":23}},"17":{"start":{"line":39,"column":12},"end":{"line":39,"column":38}},"18":{"start":{"line":45,"column":29},"end":{"line":45,"column":45}},"19":{"start":{"line":46,"column":8},"end":{"line":54,"column":9}},"20":{"start":{"line":47,"column":12},"end":{"line":51,"column":13}},"21":{"start":{"line":48,"column":31},"end":{"line":48,"column":75}},"22":{"start":{"line":49,"column":16},"end":{"line":49,"column":47}},"23":{"start":{"line":50,"column":16},"end":{"line":50,"column":23}},"24":{"start":{"line":53,"column":12},"end":{"line":53,"column":38}},"25":{"start":{"line":68,"column":19},"end":{"line":68,"column":32}},"26":{"start":{"line":69,"column":8},"end":{"line":78,"column":9}},"27":{"start":{"line":70,"column":25},"end":{"line":70,"column":63}},"28":{"start":{"line":71,"column":12},"end":{"line":74,"column":13}},"29":{"start":{"line":72,"column":16},"end":{"line":72,"column":68}},"30":{"start":{"line":73,"column":16},"end":{"line":73,"column":23}},"31":{"start":{"line":75,"column":12},"end":{"line":75,"column":39}},"32":{"start":{"line":77,"column":12},"end":{"line":77,"column":38}},"33":{"start":{"line":83,"column":17},"end":{"line":83,"column":30}},"34":{"start":{"line":84,"column":22},"end":{"line":84,"column":30}},"35":{"start":{"line":85,"column":8},"end":{"line":94,"column":9}},"36":{"start":{"line":86,"column":25},"end":{"line":86,"column":102}},"37":{"start":{"line":87,"column":12},"end":{"line":87,"column":41}},"38":{"start":{"line":88,"column":8},"end":{"line":90,"column":9}},"39":{"start":{"line":89,"column":12},"end":{"line":89,"column":71}},"40":{"start":{"line":93,"column":12},"end":{"line":93,"column":38}},"41":{"start":{"line":98,"column":25},"end":{"line":100,"column":1}},"42":{"start":{"line":99,"column":4},"end":{"line":99,"column":37}},"43":{"start":{"line":101,"column":0},"end":{"line":101,"column":32}}},"fnMap":{"0":{"name":"(anonymous_7)","decl":{"start":{"line":7,"column":4},"end":{"line":7,"column":16}},"loc":{"start":{"line":7,"column":31},"end":{"line":9,"column":5}}},"1":{"name":"(anonymous_8)","decl":{"start":{"line":10,"column":14},"end":{"line":10,"column":20}},"loc":{"start":{"line":10,"column":46},"end":{"line":18,"column":6}}},"2":{"name":"(anonymous_10)","decl":{"start":{"line":20,"column":10},"end":{"line":20,"column":16}},"loc":{"start":{"line":20,"column":44},"end":{"line":28,"column":6}}},"3":{"name":"(anonymous_12)","decl":{"start":{"line":30,"column":10},"end":{"line":30,"column":17}},"loc":{"start":{"line":30,"column":43},"end":{"line":41,"column":6}}},"4":{"name":"(anonymous_14)","decl":{"start":{"line":44,"column":10},"end":{"line":44,"column":19}},"loc":{"start":{"line":44,"column":45},"end":{"line":55,"column":6}}},"5":{"name":"(anonymous_16)","decl":{"start":{"line":67,"column":10},"end":{"line":67,"column":20}},"loc":{"start":{"line":67,"column":48},"end":{"line":79,"column":6}}},"6":{"name":"(anonymous_18)","decl":{"start":{"line":82,"column":10},"end":{"line":82,"column":20}},"loc":{"start":{"line":82,"column":46},"end":{"line":95,"column":6}}},"7":{"name":"(anonymous_20)","decl":{"start":{"line":98,"column":25},"end":{"line":98,"column":29}},"loc":{"start":{"line":98,"column":48},"end":{"line":100,"column":1}}}},"branchMap":{"0":{"loc":{"start":{"line":33,"column":12},"end":{"line":37,"column":13}},"type":"if","locations":[{"start":{"line":33,"column":12},"end":{"line":37,"column":13}}]},"1":{"loc":{"start":{"line":47,"column":12},"end":{"line":51,"column":13}},"type":"if","locations":[{"start":{"line":47,"column":12},"end":{"line":51,"column":13}}]},"2":{"loc":{"start":{"line":71,"column":12},"end":{"line":74,"column":13}},"type":"if","locations":[{"start":{"line":71,"column":12},"end":{"line":74,"column":13}}]},"3":{"loc":{"start":{"line":88,"column":8},"end":{"line":90,"column":9}},"type":"if","locations":[{"start":{"line":88,"column":8},"end":{"line":90,"column":9}}]}},"s":{"0":6,"1":4,"2":4,"3":4,"4":0,"5":0,"6":6,"7":6,"8":6,"9":6,"10":0,"11":8,"12":8,"13":8,"14":8,"15":4,"16":4,"17":4,"18":0,"19":0,"20":0,"21":0,"22":0,"23":0,"24":0,"25":3,"26":3,"27":3,"28":2,"29":1,"30":1,"31":1,"32":1,"33":5,"34":5,"35":5,"36":5,"37":2,"38":2,"39":0,"40":3,"41":3,"42":6,"43":3},"f":{"0":6,"1":4,"2":6,"3":8,"4":0,"5":3,"6":5,"7":6},"b":{"0":[8],"1":[0],"2":[1],"3":[0]}}
,"C:\\Users\\משתמש\\Desktop\\AppB\\web_App-assigments\\app_B\\src\\controllers\\comments_controller.ts": {"path":"C:\\Users\\משתמש\\Desktop\\AppB\\web_App-assigments\\app_B\\src\\controllers\\comments_controller.ts","statementMap":{"0":{"start":{"line":1,"column":0},"end":{"line":1,"column":67}},"1":{"start":{"line":2,"column":0},"end":{"line":2,"column":49}},"2":{"start":{"line":4,"column":27},"end":{"line":4,"column":68}},"3":{"start":{"line":6,"column":0},"end":{"line":6,"column":34}}},"fnMap":{},"branchMap":{},"s":{"0":3,"1":3,"2":3,"3":3},"f":{},"b":{}}
,"C:\\Users\\משתמש\\Desktop\\AppB\\web_App-assigments\\app_B\\src\\controllers\\posts_controller.ts": {"path":"C:\\Users\\משתמש\\Desktop\\AppB\\web_App-assigments\\app_B\\src\\controllers\\posts_controller.ts","statementMap":{"0":{"start":{"line":2,"column":0},"end":{"line":2,"column":57}},"1":{"start":{"line":3,"column":0},"end":{"line":3,"column":49}},"2":{"start":{"line":5,"column":24},"end":{"line":5,"column":58}},"3":{"start":{"line":8,"column":0},"end":{"line":8,"column":31}}},"fnMap":{},"branchMap":{},"s":{"0":3,"1":3,"2":3,"3":3},"f":{},"b":{}}
,"C:\\Users\\משתמש\\Desktop\\AppB\\web_App-assigments\\app_B\\src\\models\\comments_model.ts": {"path":"C:\\Users\\משתמש\\Desktop\\AppB\\web_App-assigments\\app_B\\src\\models\\comments_model.ts","statementMap":{"0":{"start":{"line":1,"column":0},"end":{"line":1,"column":32}},"1":{"start":{"line":9,"column":21},"end":{"line":22,"column":2}},"2":{"start":{"line":24,"column":19},"end":{"line":24,"column":69}},"3":{"start":{"line":25,"column":0},"end":{"line":25,"column":28}}},"fnMap":{},"branchMap":{},"s":{"0":3,"1":3,"2":3,"3":3},"f":{},"b":{}}
,"C:\\Users\\משתמש\\Desktop\\AppB\\web_App-assigments\\app_B\\src\\models\\posts_model.ts": {"path":"C:\\Users\\משתמש\\Desktop\\AppB\\web_App-assigments\\app_B\\src\\models\\posts_model.ts","statementMap":{"0":{"start":{"line":1,"column":0},"end":{"line":1,"column":32}},"1":{"start":{"line":2,"column":15},"end":{"line":2,"column":30}},"2":{"start":{"line":10,"column":19},"end":{"line":20,"column":2}},"3":{"start":{"line":22,"column":18},"end":{"line":22,"column":60}},"4":{"start":{"line":23,"column":0},"end":{"line":23,"column":25}}},"fnMap":{},"branchMap":{},"s":{"0":3,"1":3,"2":3,"3":3,"4":3},"f":{},"b":{}}
,"C:\\Users\\משתמש\\Desktop\\AppB\\web_App-assigments\\app_B\\src\\models\\user_model.ts": {"path":"C:\\Users\\משתמש\\Desktop\\AppB\\web_App-assigments\\app_B\\src\\models\\user_model.ts","statementMap":{"0":{"start":{"line":1,"column":0},"end":{"line":1,"column":32}},"1":{"start":{"line":2,"column":15},"end":{"line":2,"column":30}},"2":{"start":{"line":4,"column":19},"end":{"line":19,"column":2}},"3":{"start":{"line":21,"column":18},"end":{"line":21,"column":53}},"4":{"start":{"line":22,"column":0},"end":{"line":22,"column":25}}},"fnMap":{},"branchMap":{},"s":{"0":3,"1":3,"2":3,"3":3,"4":3},"f":{},"b":{}}
,"C:\\Users\\משתמש\\Desktop\\AppB\\web_App-assigments\\app_B\\src\\routes\\auth_routes.ts": {"path":"C:\\Users\\משתמש\\Desktop\\AppB\\web_App-assigments\\app_B\\src\\routes\\auth_routes.ts","statementMap":{"0":{"start":{"line":1,"column":0},"end":{"line":1,"column":30}},"1":{"start":{"line":2,"column":0},"end":{"line":2,"column":60}},"2":{"start":{"line":4,"column":15},"end":{"line":4,"column":31}},"3":{"start":{"line":61,"column":0},"end":{"line":61,"column":50}},"4":{"start":{"line":99,"column":0},"end":{"line":99,"column":44}},"5":{"start":{"line":101,"column":0},"end":{"line":101,"column":46}},"6":{"start":{"line":103,"column":0},"end":{"line":103,"column":48}},"7":{"start":{"line":105,"column":0},"end":{"line":105,"column":22}}},"fnMap":{},"branchMap":{},"s":{"0":3,"1":3,"2":3,"3":3,"4":3,"5":3,"6":3,"7":3},"f":{},"b":{}}
,"C:\\Users\\משתמש\\Desktop\\AppB\\web_App-assigments\\app_B\\src\\routes\\comments_routes.ts": {"path":"C:\\Users\\משתמש\\Desktop\\AppB\\web_App-assigments\\app_B\\src\\routes\\comments_routes.ts","statementMap":{"0":{"start":{"line":1,"column":0},"end":{"line":1,"column":30}},"1":{"start":{"line":2,"column":15},"end":{"line":2,"column":31}},"2":{"start":{"line":3,"column":0},"end":{"line":3,"column":68}},"3":{"start":{"line":4,"column":0},"end":{"line":4,"column":64}},"4":{"start":{"line":40,"column":0},"end":{"line":40,"column":68}},"5":{"start":{"line":76,"column":0},"end":{"line":76,"column":72}},"6":{"start":{"line":129,"column":0},"end":{"line":129,"column":85}},"7":{"start":{"line":184,"column":0},"end":{"line":186,"column":3}},"8":{"start":{"line":185,"column":4},"end":{"line":185,"column":44}},"9":{"start":{"line":213,"column":0},"end":{"line":213,"column":94}},"10":{"start":{"line":215,"column":0},"end":{"line":215,"column":22}}},"fnMap":{"0":{"name":"(anonymous_1)","decl":{"start":{"line":184,"column":35},"end":{"line":184,"column":36}},"loc":{"start":{"line":184,"column":48},"end":{"line":186,"column":1}}}},"branchMap":{},"s":{"0":3,"1":3,"2":3,"3":3,"4":3,"5":3,"6":3,"7":3,"8":2,"9":3,"10":3},"f":{"0":2},"b":{}}
,"C:\\Users\\משתמש\\Desktop\\AppB\\web_App-assigments\\app_B\\src\\routes\\posts_routes.ts": {"path":"C:\\Users\\משתמש\\Desktop\\AppB\\web_App-assigments\\app_B\\src\\routes\\posts_routes.ts","statementMap":{"0":{"start":{"line":1,"column":0},"end":{"line":1,"column":30}},"1":{"start":{"line":2,"column":0},"end":{"line":2,"column":64}},"2":{"start":{"line":3,"column":0},"end":{"line":3,"column":62}},"3":{"start":{"line":4,"column":15},"end":{"line":4,"column":31}},"4":{"start":{"line":40,"column":0},"end":{"line":40,"column":62}},"5":{"start":{"line":76,"column":0},"end":{"line":76,"column":66}},"6":{"start":{"line":126,"column":0},"end":{"line":126,"column":79}},"7":{"start":{"line":186,"column":0},"end":{"line":188,"column":3}},"8":{"start":{"line":187,"column":4},"end":{"line":187,"column":41}},"9":{"start":{"line":213,"column":0},"end":{"line":213,"column":88}},"10":{"start":{"line":216,"column":0},"end":{"line":216,"column":22}}},"fnMap":{"0":{"name":"(anonymous_1)","decl":{"start":{"line":186,"column":35},"end":{"line":186,"column":36}},"loc":{"start":{"line":186,"column":48},"end":{"line":188,"column":1}}}},"branchMap":{},"s":{"0":3,"1":3,"2":3,"3":3,"4":3,"5":3,"6":3,"7":3,"8":3,"9":3,"10":3},"f":{"0":3},"b":{}}
}
