TN:
SF:src\server.ts
FN:32,initApp
FN:33,(anonymous_2)
FN:35,(anonymous_3)
FN:36,(anonymous_4)
FN:43,(anonymous_5)
FNF:5
FNH:4
FNDA:3,initApp
FNDA:3,(anonymous_2)
FNDA:0,(anonymous_3)
FNDA:3,(anonymous_4)
FNDA:3,(anonymous_5)
DA:4,3
DA:5,3
DA:6,3
DA:7,3
DA:8,3
DA:9,3
DA:10,3
DA:11,3
DA:12,3
DA:13,3
DA:14,3
DA:15,3
DA:17,3
DA:29,3
DA:30,3
DA:33,3
DA:34,3
DA:35,3
DA:36,3
DA:39,3
DA:40,0
DA:41,0
DA:43,3
DA:45,3
DA:46,3
DA:47,3
DA:48,3
DA:49,3
DA:50,3
DA:52,3
DA:60,3
LF:31
LH:29
BRDA:39,0,0,0
BRDA:39,0,1,3
BRF:2
BRH:1
end_of_record
TN:
SF:src\controllers\auth_controller.ts
FN:16,(anonymous_8)
FN:37,(anonymous_9)
FN:37,(anonymous_10)
FN:63,(anonymous_11)
FN:63,(anonymous_12)
FN:103,(anonymous_13)
FN:103,(anonymous_14)
FN:139,(anonymous_15)
FN:139,(anonymous_16)
FN:183,(anonymous_17)
FN:200,(anonymous_18)
FN:200,(anonymous_19)
FN:232,(anonymous_20)
FNF:13
FNH:9
FNDA:9,(anonymous_8)
FNDA:7,(anonymous_9)
FNDA:7,(anonymous_10)
FNDA:12,(anonymous_11)
FNDA:12,(anonymous_12)
FNDA:0,(anonymous_13)
FNDA:0,(anonymous_14)
FNDA:6,(anonymous_15)
FNDA:6,(anonymous_16)
FNDA:0,(anonymous_17)
FNDA:35,(anonymous_18)
FNDA:35,(anonymous_19)
FNDA:0,(anonymous_20)
DA:5,3
DA:6,3
DA:7,3
DA:16,3
DA:17,9
DA:18,1
DA:21,8
DA:22,8
DA:28,8
DA:34,8
DA:37,7
DA:38,7
DA:39,7
DA:40,1
DA:41,1
DA:43,6
DA:44,6
DA:45,5
DA:46,1
DA:47,1
DA:50,4
DA:51,4
DA:52,4
DA:57,3
DA:59,2
DA:63,12
DA:64,12
DA:65,12
DA:66,1
DA:67,1
DA:69,11
DA:70,11
DA:71,11
DA:72,1
DA:73,1
DA:76,10
DA:77,10
DA:78,1
DA:79,1
DA:82,9
DA:83,9
DA:84,1
DA:85,1
DA:89,8
DA:90,8
DA:92,8
DA:99,0
DA:103,3
DA:104,0
DA:105,0
DA:106,0
DA:107,0
DA:110,0
DA:111,0
DA:112,0
DA:113,0
DA:116,0
DA:117,0
DA:118,0
DA:120,0
DA:121,0
DA:122,0
DA:126,0
DA:127,0
DA:129,0
DA:131,0
DA:132,0
DA:134,0
DA:139,6
DA:140,6
DA:141,6
DA:142,6
DA:143,6
DA:146,0
DA:147,0
DA:148,0
DA:149,0
DA:152,0
DA:153,0
DA:154,0
DA:156,0
DA:157,0
DA:158,0
DA:162,0
DA:165,0
DA:166,0
DA:168,0
DA:172,0
DA:176,0
DA:177,0
DA:178,0
DA:179,0
DA:183,0
DA:184,0
DA:185,0
DA:187,0
DA:192,0
DA:193,0
DA:195,0
DA:200,35
DA:201,35
DA:202,35
DA:203,35
DA:204,35
DA:207,0
DA:208,0
DA:209,0
DA:210,0
DA:213,0
DA:214,0
DA:215,0
DA:217,0
DA:218,0
DA:219,0
DA:223,0
DA:224,0
DA:228,0
DA:232,0
DA:233,0
DA:234,0
DA:235,0
DA:237,0
DA:241,0
DA:242,0
DA:246,0
DA:250,0
DA:251,0
DA:253,0
DA:254,0
DA:259,0
DA:267,3
LF:131
LH:58
BRDA:17,0,0,1
BRDA:25,1,0,8
BRDA:25,1,1,0
BRDA:31,2,0,8
BRDA:31,2,1,0
BRDA:39,3,0,1
BRDA:39,4,0,7
BRDA:39,4,1,7
BRDA:45,5,0,1
BRDA:65,6,0,1
BRDA:65,7,0,12
BRDA:65,7,1,12
BRDA:71,8,0,1
BRDA:77,9,0,1
BRDA:83,10,0,1
BRDA:105,11,0,0
BRDA:105,12,0,0
BRDA:105,12,1,0
BRDA:105,13,0,0
BRDA:105,13,1,0
BRDA:111,14,0,0
BRDA:120,15,0,0
BRDA:131,16,0,0
BRDA:131,16,1,0
BRDA:141,17,0,6
BRDA:141,18,0,6
BRDA:141,18,1,0
BRDA:141,19,0,6
BRDA:141,19,1,6
BRDA:147,20,0,0
BRDA:156,21,0,0
BRDA:162,22,0,0
BRDA:177,23,0,0
BRDA:192,24,0,0
BRDA:192,24,1,0
BRDA:202,25,0,35
BRDA:202,26,0,21
BRDA:202,26,1,14
BRDA:202,27,0,35
BRDA:202,27,1,35
BRDA:208,28,0,0
BRDA:217,29,0,0
BRDA:223,30,0,0
BRDA:241,31,0,0
BRDA:253,32,0,0
BRDA:253,32,1,0
BRF:46
BRH:22
end_of_record
TN:
SF:src\controllers\base_controller.ts
FN:6,(anonymous_7)
FN:10,(anonymous_8)
FN:29,(anonymous_10)
FN:50,(anonymous_12)
FN:84,(anonymous_14)
FN:111,(anonymous_16)
FN:152,(anonymous_18)
FN:207,(anonymous_20)
FNF:8
FNH:2
FNDA:6,(anonymous_7)
FNDA:0,(anonymous_8)
FNDA:0,(anonymous_10)
FNDA:0,(anonymous_12)
FNDA:0,(anonymous_14)
FNDA:0,(anonymous_16)
FNDA:0,(anonymous_18)
FNDA:6,(anonymous_20)
DA:7,6
DA:11,0
DA:12,0
DA:13,0
DA:15,0
DA:16,0
DA:21,0
DA:30,0
DA:31,0
DA:32,0
DA:33,0
DA:34,0
DA:36,0
DA:37,0
DA:42,0
DA:51,0
DA:52,0
DA:53,0
DA:54,0
DA:55,0
DA:59,0
DA:61,0
DA:63,0
DA:64,0
DA:65,0
DA:69,0
DA:71,0
DA:76,0
DA:85,0
DA:86,0
DA:87,0
DA:88,0
DA:92,0
DA:94,0
DA:95,0
DA:97,0
DA:98,0
DA:103,0
DA:112,0
DA:113,0
DA:114,0
DA:115,0
DA:116,0
DA:120,0
DA:123,0
DA:124,0
DA:130,0
DA:131,0
DA:132,0
DA:136,0
DA:138,0
DA:144,0
DA:153,0
DA:154,0
DA:155,0
DA:156,0
DA:157,0
DA:158,0
DA:162,0
DA:165,0
DA:171,0
DA:177,0
DA:178,0
DA:179,0
DA:183,0
DA:184,0
DA:185,0
DA:190,0
DA:192,0
DA:198,0
DA:207,3
DA:208,6
DA:210,3
LF:73
LH:4
BRDA:15,0,0,0
BRDA:15,0,1,0
BRDA:36,1,0,0
BRDA:36,1,1,0
BRDA:54,2,0,0
BRDA:63,3,0,0
BRDA:63,3,1,0
BRDA:64,4,0,0
BRDA:87,5,0,0
BRDA:97,6,0,0
BRDA:97,6,1,0
BRDA:115,7,0,0
BRDA:130,8,0,0
BRDA:130,8,1,0
BRDA:131,9,0,0
BRDA:157,10,0,0
BRDA:177,11,0,0
BRDA:177,11,1,0
BRDA:178,12,0,0
BRDA:178,12,1,0
BRDA:184,13,0,0
BRF:21
BRH:0
end_of_record
TN:
SF:src\controllers\comments_controller.ts
FNF:0
FNH:0
DA:1,3
DA:2,3
DA:4,3
DA:6,3
LF:4
LH:4
BRF:0
BRH:0
end_of_record
TN:
SF:src\controllers\posts_controller.ts
FNF:0
FNH:0
DA:2,3
DA:3,3
DA:5,3
DA:8,3
LF:4
LH:4
BRF:0
BRH:0
end_of_record
TN:
SF:src\models\comments_model.ts
FNF:0
FNH:0
DA:1,3
DA:9,3
DA:24,3
DA:25,3
LF:4
LH:4
BRF:0
BRH:0
end_of_record
TN:
SF:src\models\posts_model.ts
FNF:0
FNH:0
DA:1,3
DA:2,3
DA:10,3
DA:22,3
DA:23,3
LF:5
LH:5
BRF:0
BRH:0
end_of_record
TN:
SF:src\models\user_model.ts
FNF:0
FNH:0
DA:1,3
DA:2,3
DA:10,3
DA:25,3
DA:26,3
LF:5
LH:5
BRF:0
BRH:0
end_of_record
TN:
SF:src\routes\auth_routes.ts
FNF:0
FNH:0
DA:1,3
DA:2,3
DA:3,3
DA:5,3
DA:65,3
DA:104,3
DA:122,3
DA:164,3
DA:166,3
LF:9
LH:9
BRF:0
BRH:0
end_of_record
TN:
SF:src\routes\comments_routes.ts
FN:188,(anonymous_1)
FNF:1
FNH:0
FNDA:0,(anonymous_1)
DA:1,3
DA:2,3
DA:3,3
DA:4,3
DA:42,3
DA:80,3
DA:133,3
DA:188,3
DA:189,0
DA:217,3
DA:219,3
LF:11
LH:10
BRF:0
BRH:0
end_of_record
TN:
SF:src\routes\posts_routes.ts
FN:186,(anonymous_1)
FNF:1
FNH:0
FNDA:0,(anonymous_1)
DA:1,3
DA:2,3
DA:3,3
DA:4,3
DA:40,3
DA:76,3
DA:126,3
DA:186,3
DA:187,0
DA:213,3
DA:216,3
LF:11
LH:10
BRF:0
BRH:0
end_of_record
