TN:
SF:src\server.ts
FN:31,initApp
FN:32,(anonymous_2)
FN:34,(anonymous_3)
FN:35,(anonymous_4)
FN:42,(anonymous_5)
FNF:5
FNH:4
FNDA:3,initApp
FNDA:3,(anonymous_2)
FNDA:0,(anonymous_3)
FNDA:3,(anonymous_4)
FNDA:3,(anonymous_5)
DA:4,3
DA:5,3
DA:6,3
DA:7,3
DA:8,3
DA:9,3
DA:10,3
DA:11,3
DA:12,3
DA:13,3
DA:14,3
DA:16,3
DA:28,3
DA:29,3
DA:32,3
DA:33,3
DA:34,3
DA:35,3
DA:38,3
DA:39,0
DA:40,0
DA:42,3
DA:44,3
DA:45,3
DA:46,3
DA:47,3
DA:48,3
DA:50,3
DA:58,3
LF:29
LH:27
BRDA:38,0,0,0
BRDA:38,0,1,3
BRF:2
BRH:1
end_of_record
TN:
SF:src\controllers\auth_controller.ts
FN:9,(anonymous_8)
FN:9,(anonymous_9)
FN:29,(anonymous_10)
FN:53,(anonymous_11)
FN:53,(anonymous_12)
FN:96,(anonymous_13)
FN:96,(anonymous_14)
FN:107,(anonymous_15)
FN:107,(anonymous_16)
FN:125,(anonymous_17)
FN:134,(anonymous_18)
FN:134,(anonymous_19)
FN:145,(anonymous_20)
FN:145,(anonymous_21)
FN:178,(anonymous_22)
FN:198,(anonymous_23)
FN:209,(anonymous_24)
FNF:17
FNH:17
FNDA:7,(anonymous_8)
FNDA:7,(anonymous_9)
FNDA:12,(anonymous_10)
FNDA:13,(anonymous_11)
FNDA:13,(anonymous_12)
FNDA:5,(anonymous_13)
FNDA:5,(anonymous_14)
FNDA:2,(anonymous_15)
FNDA:2,(anonymous_16)
FNDA:2,(anonymous_17)
FNDA:9,(anonymous_18)
FNDA:9,(anonymous_19)
FNDA:7,(anonymous_20)
FNDA:7,(anonymous_21)
FNDA:5,(anonymous_22)
FNDA:25,(anonymous_23)
FNDA:17,(anonymous_24)
DA:5,3
DA:6,3
DA:7,3
DA:9,7
DA:10,7
DA:11,7
DA:12,7
DA:13,1
DA:14,1
DA:16,6
DA:17,6
DA:18,6
DA:19,6
DA:23,4
DA:25,2
DA:29,3
DA:30,12
DA:31,12
DA:32,1
DA:34,11
DA:42,11
DA:51,11
DA:53,13
DA:54,13
DA:55,13
DA:56,13
DA:57,1
DA:58,1
DA:60,12
DA:61,12
DA:62,11
DA:63,1
DA:64,1
DA:66,10
DA:67,10
DA:68,1
DA:69,1
DA:72,9
DA:73,9
DA:74,9
DA:75,1
DA:76,1
DA:79,8
DA:80,0
DA:82,8
DA:83,8
DA:85,8
DA:92,1
DA:96,5
DA:97,5
DA:98,5
DA:99,2
DA:100,2
DA:103,3
DA:104,1
DA:105,1
DA:107,2
DA:108,2
DA:109,0
DA:110,0
DA:112,2
DA:113,2
DA:114,2
DA:115,2
DA:116,0
DA:117,0
DA:119,2
DA:120,1
DA:121,1
DA:122,1
DA:123,1
DA:125,2
DA:126,1
DA:127,1
DA:129,0
DA:134,9
DA:136,9
DA:137,9
DA:138,1
DA:139,1
DA:141,8
DA:142,1
DA:143,1
DA:145,7
DA:146,7
DA:147,0
DA:148,0
DA:152,7
DA:153,7
DA:154,7
DA:155,7
DA:156,0
DA:157,0
DA:161,7
DA:162,4
DA:163,4
DA:164,4
DA:165,4
DA:169,3
DA:170,3
DA:171,0
DA:172,0
DA:173,0
DA:174,0
DA:178,5
DA:181,3
DA:182,3
DA:185,3
DA:190,0
DA:198,3
DA:199,25
DA:200,25
DA:201,25
DA:202,7
DA:203,7
DA:205,18
DA:206,1
DA:207,1
DA:209,17
DA:210,17
DA:211,5
DA:212,5
DA:214,12
DA:215,12
DA:216,12
DA:221,3
LF:126
LH:111
BRDA:12,0,0,1
BRDA:12,1,0,7
BRDA:12,1,1,7
BRDA:31,2,0,1
BRDA:56,3,0,1
BRDA:56,4,0,13
BRDA:56,4,1,13
BRDA:62,5,0,1
BRDA:67,6,0,1
BRDA:74,7,0,1
BRDA:79,8,0,0
BRDA:98,9,0,2
BRDA:103,10,0,1
BRDA:108,11,0,0
BRDA:115,12,0,0
BRDA:119,13,0,1
BRDA:119,14,0,2
BRDA:119,14,1,2
BRDA:137,15,0,1
BRDA:141,16,0,1
BRDA:146,17,0,0
BRDA:155,18,0,0
BRDA:161,19,0,4
BRDA:161,20,0,7
BRDA:161,20,1,7
BRDA:170,21,0,0
BRDA:200,22,0,25
BRDA:200,22,1,21
BRDA:201,23,0,7
BRDA:205,24,0,1
BRDA:210,25,0,5
BRF:31
BRH:25
end_of_record
TN:
SF:src\controllers\base_controller.ts
FN:7,(anonymous_7)
FN:10,(anonymous_8)
FN:20,(anonymous_10)
FN:30,(anonymous_12)
FN:44,(anonymous_14)
FN:67,(anonymous_16)
FN:82,(anonymous_18)
FN:98,(anonymous_20)
FNF:8
FNH:7
FNDA:6,(anonymous_7)
FNDA:4,(anonymous_8)
FNDA:6,(anonymous_10)
FNDA:8,(anonymous_12)
FNDA:0,(anonymous_14)
FNDA:3,(anonymous_16)
FNDA:5,(anonymous_18)
FNDA:6,(anonymous_20)
DA:8,6
DA:11,4
DA:12,4
DA:13,4
DA:15,0
DA:16,0
DA:21,6
DA:22,6
DA:23,6
DA:24,6
DA:26,0
DA:31,8
DA:32,8
DA:33,8
DA:34,8
DA:35,4
DA:36,4
DA:39,4
DA:45,0
DA:46,0
DA:47,0
DA:48,0
DA:49,0
DA:50,0
DA:53,0
DA:68,3
DA:69,3
DA:70,3
DA:71,2
DA:72,1
DA:73,1
DA:75,1
DA:77,1
DA:83,5
DA:84,5
DA:85,5
DA:86,5
DA:87,2
DA:88,2
DA:89,0
DA:93,3
DA:98,3
DA:99,6
DA:101,3
LF:44
LH:33
BRDA:33,0,0,8
BRDA:47,1,0,0
BRDA:71,2,0,1
BRDA:88,3,0,0
BRF:4
BRH:2
end_of_record
TN:
SF:src\controllers\comments_controller.ts
FNF:0
FNH:0
DA:1,3
DA:2,3
DA:4,3
DA:6,3
LF:4
LH:4
BRF:0
BRH:0
end_of_record
TN:
SF:src\controllers\posts_controller.ts
FNF:0
FNH:0
DA:2,3
DA:3,3
DA:5,3
DA:8,3
LF:4
LH:4
BRF:0
BRH:0
end_of_record
TN:
SF:src\models\comments_model.ts
FNF:0
FNH:0
DA:1,3
DA:9,3
DA:24,3
DA:25,3
LF:4
LH:4
BRF:0
BRH:0
end_of_record
TN:
SF:src\models\posts_model.ts
FNF:0
FNH:0
DA:1,3
DA:2,3
DA:10,3
DA:22,3
DA:23,3
LF:5
LH:5
BRF:0
BRH:0
end_of_record
TN:
SF:src\models\user_model.ts
FNF:0
FNH:0
DA:1,3
DA:2,3
DA:4,3
DA:21,3
DA:22,3
LF:5
LH:5
BRF:0
BRH:0
end_of_record
TN:
SF:src\routes\auth_routes.ts
FNF:0
FNH:0
DA:1,3
DA:2,3
DA:4,3
DA:61,3
DA:99,3
DA:101,3
DA:103,3
DA:105,3
LF:8
LH:8
BRF:0
BRH:0
end_of_record
TN:
SF:src\routes\comments_routes.ts
FN:184,(anonymous_1)
FNF:1
FNH:1
FNDA:2,(anonymous_1)
DA:1,3
DA:2,3
DA:3,3
DA:4,3
DA:40,3
DA:76,3
DA:129,3
DA:184,3
DA:185,2
DA:213,3
DA:215,3
LF:11
LH:11
BRF:0
BRH:0
end_of_record
TN:
SF:src\routes\posts_routes.ts
FN:186,(anonymous_1)
FNF:1
FNH:1
FNDA:3,(anonymous_1)
DA:1,3
DA:2,3
DA:3,3
DA:4,3
DA:40,3
DA:76,3
DA:126,3
DA:186,3
DA:187,3
DA:213,3
DA:216,3
LF:11
LH:11
BRF:0
BRH:0
end_of_record
